

   Time         sum(rTop)     sum(rRoot)    sum(vTop)     sum(vRoot)     sum(vBot)    hTop       hRoot      hBot      A-level
    [T]           [L]           [L]           [L]           [L]            [L]        [L]         [L]       [L] 

     0.10000 -0.159419E+00  0.000000E+00 -0.159419E+00  0.000000E+00 -0.298340E-02    -33.785      0.000    -99.764       1
     0.20000 -0.328219E+00  0.000000E+00 -0.328219E+00  0.000000E+00 -0.598309E-02    -25.695      0.000    -99.507       2
     0.30000 -0.506326E+00  0.000000E+00 -0.506326E+00  0.000000E+00 -0.899491E-02    -21.537      0.000    -99.337       3
     0.40000 -0.693629E+00  0.000000E+00 -0.693629E+00  0.000000E+00 -0.120135E-01    -18.695      0.000    -99.238       4
     0.50000 -0.889982E+00  0.000000E+00 -0.889982E+00  0.000000E+00 -0.150355E-01    -16.730      0.000    -99.195       5
     0.60000 -0.109520E+01  0.000000E+00 -0.109520E+01  0.000000E+00 -0.180584E-01    -15.124      0.000    -99.188       6
     0.70000 -0.130907E+01  0.000000E+00 -0.130907E+01  0.000000E+00 -0.210804E-01    -13.792      0.000    -99.206       7
     0.80000 -0.153133E+01  0.000000E+00 -0.153133E+01  0.000000E+00 -0.241005E-01    -12.689      0.000    -99.243       8
     0.90000 -0.176171E+01  0.000000E+00 -0.176170E+01  0.000000E+00 -0.271180E-01    -11.703      0.000    -99.292       9
     1.00000 -0.199987E+01  0.000000E+00 -0.199987E+01  0.000000E+00 -0.301322E-01    -10.844      0.000    -99.351      10
     1.10000 -0.224549E+01  0.000000E+00 -0.224549E+01  0.000000E+00 -0.331428E-01    -10.082      0.000    -99.414      11
     1.20000 -0.249817E+01  0.000000E+00 -0.249817E+01  0.000000E+00 -0.361495E-01     -9.373      0.000    -99.482      12
     1.30000 -0.275751E+01  0.000000E+00 -0.275751E+01  0.000000E+00 -0.391523E-01     -8.748      0.000    -99.552      13
     1.40000 -0.302309E+01  0.000000E+00 -0.302309E+01  0.000000E+00 -0.421510E-01     -8.223      0.000    -99.622      14
     1.50000 -0.329444E+01  0.000000E+00 -0.329444E+01  0.000000E+00 -0.451457E-01     -7.720      0.000    -99.694      15
     1.60000 -0.357109E+01  0.000000E+00 -0.357109E+01  0.000000E+00 -0.481363E-01     -7.329      0.000    -99.765      16
     1.70000 -0.385254E+01  0.000000E+00 -0.385254E+01  0.000000E+00 -0.511228E-01     -7.037      0.000    -99.835      17
     1.80000 -0.413826E+01  0.000000E+00 -0.413826E+01  0.000000E+00 -0.541057E-01     -6.823      0.000    -99.905      18
     1.90000 -0.442773E+01  0.000000E+00 -0.442773E+01  0.000000E+00 -0.570845E-01     -6.667      0.000    -99.974      19
     2.00000 -0.472039E+01  0.000000E+00 -0.472039E+01  0.000000E+00 -0.600595E-01     -6.562      0.000   -100.043      20
     2.10000 -0.501567E+01  0.000000E+00 -0.501567E+01  0.000000E+00 -0.630305E-01     -6.479      0.000   -100.110      21
     2.20000 -0.531302E+01  0.000000E+00 -0.531302E+01  0.000000E+00 -0.659978E-01     -6.425      0.000   -100.177      22
     2.30000 -0.561183E+01  0.000000E+00 -0.561183E+01  0.000000E+00 -0.689612E-01     -6.389      0.000   -100.242      23
     2.40000 -0.591154E+01  0.000000E+00 -0.591154E+01  0.000000E+00 -0.719211E-01     -6.370      0.000   -100.307      24
     2.50000 -0.621154E+01  0.000000E+00 -0.621154E+01  0.000000E+00 -0.748774E-01     -6.361      0.000   -100.370      25
     2.60000 -0.651124E+01  0.000000E+00 -0.651124E+01  0.000000E+00 -0.778301E-01     -6.364      0.000   -100.433      26
     2.70000 -0.681006E+01  0.000000E+00 -0.681006E+01  0.000000E+00 -0.807791E-01     -6.376      0.000   -100.495      27
     2.80000 -0.710740E+01  0.000000E+00 -0.710740E+01  0.000000E+00 -0.837246E-01     -6.401      0.000   -100.557      28
     2.90000 -0.740269E+01  0.000000E+00 -0.740269E+01  0.000000E+00 -0.866665E-01     -6.433      0.000   -100.617      29
     3.00000 -0.769535E+01  0.000000E+00 -0.769534E+01  0.000000E+00 -0.896051E-01     -6.480      0.000   -100.677      30
     3.10000 -0.798481E+01  0.000000E+00 -0.798481E+01  0.000000E+00 -0.925402E-01     -6.535      0.000   -100.737      31
     3.20000 -0.827054E+01  0.000000E+00 -0.827053E+01  0.000000E+00 -0.954716E-01     -6.600      0.000   -100.795      32
     3.30000 -0.855198E+01  0.000000E+00 -0.855198E+01  0.000000E+00 -0.983996E-01     -6.664      0.000   -100.853      33
     3.40000 -0.882863E+01  0.000000E+00 -0.882863E+01  0.000000E+00 -0.101325E+00     -6.756      0.000   -100.911      34
     3.50000 -0.909998E+01  0.000000E+00 -0.909998E+01  0.000000E+00 -0.104246E+00     -6.846      0.000   -100.968      35
     3.60000 -0.936556E+01  0.000000E+00 -0.936556E+01  0.000000E+00 -0.107164E+00     -6.968      0.000   -101.024      36
     3.70000 -0.962491E+01  0.000000E+00 -0.962490E+01  0.000000E+00 -0.110079E+00     -7.076      0.000   -101.079      37
     3.80000 -0.987759E+01  0.000000E+00 -0.987759E+01  0.000000E+00 -0.112991E+00     -7.216      0.000   -101.133      38
     3.90000 -0.101232E+02  0.000000E+00 -0.101232E+02  0.000000E+00 -0.115901E+00     -7.348      0.000   -101.182      39
     4.00000 -0.103614E+02  0.000000E+00 -0.103614E+02  0.000000E+00 -0.118807E+00     -7.507      0.000   -101.217      40
     4.10000 -0.105917E+02  0.000000E+00 -0.105917E+02  0.000000E+00 -0.121714E+00     -7.672      0.000   -101.217      41
     4.20000 -0.108140E+02  0.000000E+00 -0.108140E+02  0.000000E+00 -0.124624E+00     -7.860      0.000   -101.129      42
     4.30000 -0.110279E+02  0.000000E+00 -0.110279E+02  0.000000E+00 -0.127563E+00     -8.032      0.000   -100.676      43
     4.40000 -0.112331E+02  0.000000E+00 -0.112331E+02  0.000000E+00 -0.130570E+00     -8.237      0.000    -99.525      44
     4.50000 -0.114294E+02  0.000000E+00 -0.114294E+02  0.000000E+00 -0.133655E+00     -8.486      0.000    -97.584      45
     4.60000 -0.116167E+02  0.000000E+00 -0.116167E+02  0.000000E+00 -0.136956E+00     -8.739      0.000    -94.289      46
     4.70000 -0.117949E+02  0.000000E+00 -0.117949E+02  0.000000E+00 -0.141154E+00     -8.986      0.000    -87.957      47
     4.80000 -0.119637E+02  0.000000E+00 -0.119637E+02  0.000000E+00 -0.146551E+00     -9.250      0.000    -78.401      48
     4.90000 -0.121231E+02  0.000000E+00 -0.121231E+02  0.000000E+00 -0.154436E+00     -9.535      0.000    -67.511      49
     5.00000 -0.122731E+02  0.000000E+00 -0.122731E+02  0.000000E+00 -0.166188E+00     -9.848      0.000    -56.348      50
     5.10000 -0.124137E+02  0.000000E+00 -0.124137E+02  0.000000E+00 -0.183592E+00    -10.185      0.000    -46.371      51
     5.20000 -0.125449E+02  0.000000E+00 -0.125449E+02  0.000000E+00 -0.208883E+00    -10.547      0.000    -38.204      52
     5.30000 -0.126667E+02  0.000000E+00 -0.126667E+02  0.000000E+00 -0.244847E+00    -10.928      0.000    -31.928      53
     5.40000 -0.127794E+02  0.000000E+00 -0.127794E+02  0.000000E+00 -0.293797E+00    -11.331      0.000    -27.138      54
     5.50000 -0.128831E+02  0.000000E+00 -0.128831E+02  0.000000E+00 -0.354085E+00    -11.749      0.000    -23.476      55
     5.60000 -0.129779E+02  0.000000E+00 -0.129779E+02  0.000000E+00 -0.428198E+00    -12.197      0.000    -20.769      56
     5.70000 -0.130640E+02  0.000000E+00 -0.130640E+02  0.000000E+00 -0.512372E+00    -12.680      0.000    -18.705      57
     5.80000 -0.131417E+02  0.000000E+00 -0.131417E+02  0.000000E+00 -0.608280E+00    -13.193      0.000    -17.250      58
     5.90000 -0.132114E+02  0.000000E+00 -0.132114E+02  0.000000E+00 -0.712566E+00    -13.733      0.000    -16.154      59
     6.00000 -0.132732E+02  0.000000E+00 -0.132732E+02  0.000000E+00 -0.823121E+00    -14.296      0.000    -15.355      60
     6.10000 -0.133276E+02  0.000000E+00 -0.133276E+02  0.000000E+00 -0.938262E+00    -14.880      0.000    -14.777      61
     6.20000 -0.133749E+02  0.000000E+00 -0.133749E+02  0.000000E+00 -0.105788E+01    -15.501      0.000    -14.404      62
     6.30000 -0.134156E+02  0.000000E+00 -0.134156E+02  0.000000E+00 -0.118040E+01    -16.162      0.000    -14.157      63
     6.40000 -0.134500E+02  0.000000E+00 -0.134500E+02  0.000000E+00 -0.130457E+01    -16.853      0.000    -14.014      64
     6.50000 -0.134786E+02  0.000000E+00 -0.134786E+02  0.000000E+00 -0.142942E+01    -17.639      0.000    -13.914      65
     6.60000 -0.135020E+02  0.000000E+00 -0.135020E+02  0.000000E+00 -0.155483E+01    -18.405      0.000    -13.894      66
     6.70000 -0.135205E+02  0.000000E+00 -0.135205E+02  0.000000E+00 -0.168010E+01    -19.184      0.000    -13.929      67
     6.80000 -0.135348E+02  0.000000E+00 -0.135348E+02  0.000000E+00 -0.180465E+01    -19.985      0.000    -14.007      68
     6.90000 -0.135453E+02  0.000000E+00 -0.135453E+02  0.000000E+00 -0.192803E+01    -20.797      0.000    -14.119      69
     7.00000 -0.135527E+02  0.000000E+00 -0.135527E+02  0.000000E+00 -0.204990E+01    -21.606      0.000    -14.259      70
     7.10000 -0.135574E+02  0.000000E+00 -0.135574E+02  0.000000E+00 -0.216998E+01    -22.399      0.000    -14.418      71
     7.20000 -0.135601E+02  0.000000E+00 -0.135601E+02  0.000000E+00 -0.228806E+01    -23.162      0.000    -14.594      72
     7.30000 -0.135612E+02  0.000000E+00 -0.135612E+02  0.000000E+00 -0.240398E+01    -23.893      0.000    -14.781      73
     7.40000 -0.135615E+02  0.000000E+00 -0.135615E+02  0.000000E+00 -0.251780E+01    -24.571      0.000    -14.988      74
     7.50000 -0.135615E+02  0.000000E+00 -0.135615E+02  0.000000E+00 -0.262959E+01    -25.186      0.000    -15.230      75
     7.60000 -0.135618E+02  0.000000E+00 -0.135618E+02  0.000000E+00 -0.273960E+01    -25.711      0.000    -15.487      76
     7.70000 -0.135630E+02  0.000000E+00 -0.135630E+02  0.000000E+00 -0.284750E+01    -26.129      0.000    -15.758      77
     7.80000 -0.135657E+02  0.000000E+00 -0.135657E+02  0.000000E+00 -0.295322E+01    -26.417      0.000    -16.039      78
     7.90000 -0.135704E+02  0.000000E+00 -0.135704E+02  0.000000E+00 -0.305668E+01    -26.568      0.000    -16.329      79
     8.00000 -0.135777E+02  0.000000E+00 -0.135777E+02  0.000000E+00 -0.315782E+01    -26.569      0.000    -16.623      80
     8.10000 -0.135883E+02  0.000000E+00 -0.135882E+02  0.000000E+00 -0.325662E+01    -26.417      0.000    -16.922      81
     8.20000 -0.136025E+02  0.000000E+00 -0.136025E+02  0.000000E+00 -0.335305E+01    -26.115      0.000    -17.222      82
     8.30000 -0.136211E+02  0.000000E+00 -0.136211E+02  0.000000E+00 -0.344712E+01    -25.664      0.000    -17.521      83
     8.40000 -0.136444E+02  0.000000E+00 -0.136444E+02  0.000000E+00 -0.353883E+01    -25.074      0.000    -17.817      84
     8.50000 -0.136731E+02  0.000000E+00 -0.136731E+02  0.000000E+00 -0.362799E+01    -24.382      0.000    -18.107      85
     8.60000 -0.137075E+02  0.000000E+00 -0.137075E+02  0.000000E+00 -0.371468E+01    -23.652      0.000    -18.387      86
     8.70000 -0.137482E+02  0.000000E+00 -0.137482E+02  0.000000E+00 -0.379930E+01    -22.876      0.000    -18.654      87
     8.80000 -0.137955E+02  0.000000E+00 -0.137955E+02  0.000000E+00 -0.388177E+01    -22.035      0.000    -18.930      88
     8.90000 -0.138499E+02  0.000000E+00 -0.138499E+02  0.000000E+00 -0.396279E+01    -21.149      0.000    -19.217      89
     9.00000 -0.139117E+02  0.000000E+00 -0.139117E+02  0.000000E+00 -0.404235E+01    -20.168      0.000    -19.507      90
     9.10000 -0.139813E+02  0.000000E+00 -0.139813E+02  0.000000E+00 -0.412044E+01    -19.138      0.000    -19.798      91
     9.20000 -0.140591E+02  0.000000E+00 -0.140591E+02  0.000000E+00 -0.419707E+01    -18.191      0.000    -20.088      92
     9.30000 -0.141452E+02  0.000000E+00 -0.141452E+02  0.000000E+00 -0.427223E+01    -17.323      0.000    -20.377      93
     9.40000 -0.142400E+02  0.000000E+00 -0.142400E+02  0.000000E+00 -0.434595E+01    -16.416      0.000    -20.663      94
     9.50000 -0.143436E+02  0.000000E+00 -0.143436E+02  0.000000E+00 -0.441823E+01    -15.487      0.000    -20.947      95
     9.60000 -0.144563E+02  0.000000E+00 -0.144563E+02  0.000000E+00 -0.448910E+01    -14.602      0.000    -21.227      96
     9.70000 -0.145782E+02  0.000000E+00 -0.145782E+02  0.000000E+00 -0.455857E+01    -13.856      0.000    -21.504      97
     9.80000 -0.147094E+02  0.000000E+00 -0.147094E+02  0.000000E+00 -0.462667E+01    -13.093      0.000    -21.776      98
     9.90000 -0.148500E+02  0.000000E+00 -0.148500E+02  0.000000E+00 -0.469342E+01    -12.344      0.000    -22.043      99
    10.00000 -0.150000E+02  0.000000E+00 -0.150000E+02  0.000000E+00 -0.475885E+01    -11.663      0.000    -22.305     100
end
