 ******* Program HYDRUS
 ******* 
 Welcome to HYDRUS-1D                                                    
 Date:   1. 2.2026    Time:  18:10:40
 Units: L = cm   , T = days , M = mmol 

----------------------------------------------------------
 Time       [T]        0.0000
----------------------------------------------------------
 Sub-region num.                     1
----------------------------------------------------------
 Length   [L]        0.99000E+02  0.00000E+00
 W-volume [L]        0.24985E+02  0.10000E+01
 In-flow  [L/T]      0.00000E+00  0.00000E+00
 h Mean   [L]       -0.10000E+03  0.00000E+00
 Top Flux [L/T]     -0.65206E-02
 Bot Flux [L/T]     -0.29763E-01
----------------------------------------------------------

----------------------------------------------------------
 Time       [T]        0.1000
----------------------------------------------------------
 Sub-region num.                     1
----------------------------------------------------------
 Length   [L]        0.99000E+02  0.00000E+00
 W-volume [L]        0.25141E+02  0.10000E+01
 In-flow  [L/T]      0.15643E+01  0.00000E+00
 h Mean   [L]       -0.98561E+02  0.54178E-03
 Top Flux [L/T]     -0.14273E+01
 Bot Flux [L/T]     -0.30755E-01
 WatBalT  [L]       -0.56624E-06
 WatBalR  [%]              0.000
----------------------------------------------------------

----------------------------------------------------------
 Time       [T]        0.2000
----------------------------------------------------------
 Sub-region num.                     1
----------------------------------------------------------
 Length   [L]        0.99000E+02  0.00000E+00
 W-volume [L]        0.25307E+02  0.10000E+01
 In-flow  [L/T]      0.16580E+01  0.00000E+00
 h Mean   [L]       -0.97310E+02  0.59080E-03
 Top Flux [L/T]     -0.15861E+01
 Bot Flux [L/T]     -0.30706E-01
 WatBalT  [L]       -0.64671E-05
 WatBalR  [%]              0.002
----------------------------------------------------------

----------------------------------------------------------
 Time       [T]        0.3000
----------------------------------------------------------
 Sub-region num.                     1
----------------------------------------------------------
 Length   [L]        0.99000E+02  0.00000E+00
 W-volume [L]        0.25482E+02  0.10000E+01
 In-flow  [L/T]      0.17509E+01  0.00000E+00
 h Mean   [L]       -0.96083E+02  0.22584E-02
 Top Flux [L/T]     -0.17143E+01
 Bot Flux [L/T]     -0.30565E-01
 WatBalT  [L]        0.56624E-06
 WatBalR  [%]              0.000
----------------------------------------------------------

----------------------------------------------------------
 Time       [T]        0.4000
----------------------------------------------------------
 Sub-region num.                     1
----------------------------------------------------------
 Length   [L]        0.99000E+02  0.00000E+00
 W-volume [L]        0.25666E+02  0.10000E+01
 In-flow  [L/T]      0.18428E+01  0.00000E+00
 h Mean   [L]       -0.94865E+02  0.11130E-01
 Top Flux [L/T]     -0.18258E+01
 Bot Flux [L/T]     -0.30432E-01
 WatBalT  [L]       -0.16093E-05
 WatBalR  [%]              0.000
----------------------------------------------------------

----------------------------------------------------------
 Time       [T]        0.5000
----------------------------------------------------------
 Sub-region num.                     1
----------------------------------------------------------
 Length   [L]        0.99000E+02  0.00000E+00
 W-volume [L]        0.25860E+02  0.10000E+01
 In-flow  [L/T]      0.19333E+01  0.00000E+00
 h Mean   [L]       -0.93610E+02  0.49138E-01
 Top Flux [L/T]     -0.19249E+01
 Bot Flux [L/T]     -0.30322E-01
 WatBalT  [L]        0.39339E-05
 WatBalR  [%]              0.000
----------------------------------------------------------

----------------------------------------------------------
 Time       [T]        0.6000
----------------------------------------------------------
 Sub-region num.                     1
----------------------------------------------------------
 Length   [L]        0.99000E+02  0.00000E+00
 W-volume [L]        0.26062E+02  0.10000E+01
 In-flow  [L/T]      0.20220E+01  0.00000E+00
 h Mean   [L]       -0.92357E+02  0.12445E+00
 Top Flux [L/T]     -0.20215E+01
 Bot Flux [L/T]     -0.30227E-01
 WatBalT  [L]       -0.38147E-05
 WatBalR  [%]              0.000
----------------------------------------------------------

----------------------------------------------------------
 Time       [T]        0.7000
----------------------------------------------------------
 Sub-region num.                     1
----------------------------------------------------------
 Length   [L]        0.99000E+02  0.00000E+00
 W-volume [L]        0.26273E+02  0.10000E+01
 In-flow  [L/T]      0.21085E+01  0.00000E+00
 h Mean   [L]       -0.91087E+02  0.20908E+00
 Top Flux [L/T]     -0.21107E+01
 Bot Flux [L/T]     -0.30147E-01
 WatBalT  [L]       -0.27418E-05
 WatBalR  [%]              0.000
----------------------------------------------------------

----------------------------------------------------------
 Time       [T]        0.8000
----------------------------------------------------------
 Sub-region num.                     1
----------------------------------------------------------
 Length   [L]        0.99000E+02  0.00000E+00
 W-volume [L]        0.26492E+02  0.10000E+01
 In-flow  [L/T]      0.21924E+01  0.00000E+00
 h Mean   [L]       -0.89797E+02  0.24085E+00
 Top Flux [L/T]     -0.21998E+01
 Bot Flux [L/T]     -0.30077E-01
 WatBalT  [L]        0.21458E-05
 WatBalR  [%]              0.000
----------------------------------------------------------

----------------------------------------------------------
 Time       [T]        0.9000
----------------------------------------------------------
 Sub-region num.                     1
----------------------------------------------------------
 Length   [L]        0.99000E+02  0.00000E+00
 W-volume [L]        0.26719E+02  0.10000E+01
 In-flow  [L/T]      0.22736E+01  0.00000E+00
 h Mean   [L]       -0.88495E+02  0.22076E+00
 Top Flux [L/T]     -0.22826E+01
 Bot Flux [L/T]     -0.30015E-01
 WatBalT  [L]        0.71526E-05
 WatBalR  [%]              0.000
----------------------------------------------------------

----------------------------------------------------------
 Time       [T]        1.0000
----------------------------------------------------------
 Sub-region num.                     1
----------------------------------------------------------
 Length   [L]        0.99000E+02  0.00000E+00
 W-volume [L]        0.26955E+02  0.10000E+01
 In-flow  [L/T]      0.23516E+01  0.00000E+00
 h Mean   [L]       -0.87156E+02  0.19913E+00
 Top Flux [L/T]     -0.23630E+01
 Bot Flux [L/T]     -0.29959E-01
 WatBalT  [L]        0.46492E-05
 WatBalR  [%]              0.000
----------------------------------------------------------

----------------------------------------------------------
 Time       [T]        1.1000
----------------------------------------------------------
 Sub-region num.                     1
----------------------------------------------------------
 Length   [L]        0.99000E+02  0.00000E+00
 W-volume [L]        0.27197E+02  0.10000E+01
 In-flow  [L/T]      0.24260E+01  0.00000E+00
 h Mean   [L]       -0.85785E+02  0.16299E+00
 Top Flux [L/T]     -0.24392E+01
 Bot Flux [L/T]     -0.29907E-01
 WatBalT  [L]       -0.11921E-05
 WatBalR  [%]              0.000
----------------------------------------------------------

----------------------------------------------------------
 Time       [T]        1.2000
----------------------------------------------------------
 Sub-region num.                     1
----------------------------------------------------------
 Length   [L]        0.99000E+02  0.00000E+00
 W-volume [L]        0.27447E+02  0.10000E+01
 In-flow  [L/T]      0.24968E+01  0.00000E+00
 h Mean   [L]       -0.84359E+02  0.13619E+00
 Top Flux [L/T]     -0.25108E+01
 Bot Flux [L/T]     -0.29859E-01
 WatBalT  [L]       -0.71526E-06
 WatBalR  [%]              0.000
----------------------------------------------------------

----------------------------------------------------------
 Time       [T]        1.3000
----------------------------------------------------------
 Sub-region num.                     1
----------------------------------------------------------
 Length   [L]        0.99000E+02  0.00000E+00
 W-volume [L]        0.27703E+02  0.10000E+01
 In-flow  [L/T]      0.25634E+01  0.00000E+00
 h Mean   [L]       -0.82846E+02  0.11015E+00
 Top Flux [L/T]     -0.25799E+01
 Bot Flux [L/T]     -0.29814E-01
 WatBalT  [L]       -0.47684E-05
 WatBalR  [%]              0.000
----------------------------------------------------------

----------------------------------------------------------
 Time       [T]        1.4000
----------------------------------------------------------
 Sub-region num.                     1
----------------------------------------------------------
 Length   [L]        0.99000E+02  0.00000E+00
 W-volume [L]        0.27966E+02  0.10000E+01
 In-flow  [L/T]      0.26258E+01  0.00000E+00
 h Mean   [L]       -0.81216E+02  0.87993E-01
 Top Flux [L/T]     -0.26442E+01
 Bot Flux [L/T]     -0.29771E-01
 WatBalT  [L]        0.16689E-05
 WatBalR  [%]              0.000
----------------------------------------------------------

----------------------------------------------------------
 Time       [T]        1.5000
----------------------------------------------------------
 Sub-region num.                     1
----------------------------------------------------------
 Length   [L]        0.99000E+02  0.00000E+00
 W-volume [L]        0.28234E+02  0.10000E+01
 In-flow  [L/T]      0.26836E+01  0.00000E+00
 h Mean   [L]       -0.79413E+02  0.64170E-01
 Top Flux [L/T]     -0.27023E+01
 Bot Flux [L/T]     -0.29729E-01
 WatBalT  [L]        0.54836E-05
 WatBalR  [%]              0.000
----------------------------------------------------------

----------------------------------------------------------
 Time       [T]        1.6000
----------------------------------------------------------
 Sub-region num.                     1
----------------------------------------------------------
 Length   [L]        0.99000E+02  0.00000E+00
 W-volume [L]        0.28508E+02  0.10000E+01
 In-flow  [L/T]      0.27366E+01  0.00000E+00
 h Mean   [L]       -0.77425E+02  0.45004E-01
 Top Flux [L/T]     -0.27586E+01
 Bot Flux [L/T]     -0.29689E-01
 WatBalT  [L]        0.23842E-06
 WatBalR  [%]              0.000
----------------------------------------------------------

----------------------------------------------------------
 Time       [T]        1.7000
----------------------------------------------------------
 Sub-region num.                     1
----------------------------------------------------------
 Length   [L]        0.99000E+02  0.00000E+00
 W-volume [L]        0.28786E+02  0.10000E+01
 In-flow  [L/T]      0.27846E+01  0.00000E+00
 h Mean   [L]       -0.75254E+02  0.29136E-01
 Top Flux [L/T]     -0.28085E+01
 Bot Flux [L/T]     -0.29650E-01
 WatBalT  [L]        0.21458E-05
 WatBalR  [%]              0.000
----------------------------------------------------------

----------------------------------------------------------
 Time       [T]        1.8000
----------------------------------------------------------
 Sub-region num.                     1
----------------------------------------------------------
 Length   [L]        0.99000E+02  0.00000E+00
 W-volume [L]        0.29069E+02  0.10000E+01
 In-flow  [L/T]      0.28274E+01  0.00000E+00
 h Mean   [L]       -0.73041E+02  0.18459E-01
 Top Flux [L/T]     -0.28534E+01
 Bot Flux [L/T]     -0.29612E-01
 WatBalT  [L]       -0.71526E-05
 WatBalR  [%]              0.000
----------------------------------------------------------

----------------------------------------------------------
 Time       [T]        1.9000
----------------------------------------------------------
 Sub-region num.                     1
----------------------------------------------------------
 Length   [L]        0.99000E+02  0.00000E+00
 W-volume [L]        0.29355E+02  0.10000E+01
 In-flow  [L/T]      0.28649E+01  0.00000E+00
 h Mean   [L]       -0.70834E+02  0.94718E-02
 Top Flux [L/T]     -0.28922E+01
 Bot Flux [L/T]     -0.29575E-01
 WatBalT  [L]        0.12398E-04
 WatBalR  [%]              0.000
----------------------------------------------------------

----------------------------------------------------------
 Time       [T]        2.0000
----------------------------------------------------------
 Sub-region num.                     1
----------------------------------------------------------
 Length   [L]        0.99000E+02  0.00000E+00
 W-volume [L]        0.29645E+02  0.10000E+01
 In-flow  [L/T]      0.28968E+01  0.00000E+00
 h Mean   [L]       -0.68736E+02  0.52920E-02
 Top Flux [L/T]     -0.29250E+01
 Bot Flux [L/T]     -0.29538E-01
 WatBalT  [L]        0.42915E-05
 WatBalR  [%]              0.000
----------------------------------------------------------

----------------------------------------------------------
 Time       [T]        2.1000
----------------------------------------------------------
 Sub-region num.                     1
----------------------------------------------------------
 Length   [L]        0.99000E+02  0.00000E+00
 W-volume [L]        0.29937E+02  0.10000E+01
 In-flow  [L/T]      0.29232E+01  0.00000E+00
 h Mean   [L]       -0.66768E+02  0.35888E-02
 Top Flux [L/T]     -0.29516E+01
 Bot Flux [L/T]     -0.29503E-01
 WatBalT  [L]        0.47684E-05
 WatBalR  [%]              0.000
----------------------------------------------------------

----------------------------------------------------------
 Time       [T]        2.2000
----------------------------------------------------------
 Sub-region num.                     1
----------------------------------------------------------
 Length   [L]        0.99000E+02  0.00000E+00
 W-volume [L]        0.30232E+02  0.10000E+01
 In-flow  [L/T]      0.29438E+01  0.00000E+00
 h Mean   [L]       -0.64884E+02  0.27323E-02
 Top Flux [L/T]     -0.29728E+01
 Bot Flux [L/T]     -0.29467E-01
 WatBalT  [L]       -0.42915E-05
 WatBalR  [%]              0.000
----------------------------------------------------------

----------------------------------------------------------
 Time       [T]        2.3000
----------------------------------------------------------
 Sub-region num.                     1
----------------------------------------------------------
 Length   [L]        0.99000E+02  0.00000E+00
 W-volume [L]        0.30528E+02  0.10000E+01
 In-flow  [L/T]      0.29585E+01  0.00000E+00
 h Mean   [L]       -0.62991E+02  0.13921E-02
 Top Flux [L/T]     -0.29877E+01
 Bot Flux [L/T]     -0.29433E-01
 WatBalT  [L]        0.23842E-05
 WatBalR  [%]              0.000
----------------------------------------------------------

----------------------------------------------------------
 Time       [T]        2.4000
----------------------------------------------------------
 Sub-region num.                     1
----------------------------------------------------------
 Length   [L]        0.99000E+02  0.00000E+00
 W-volume [L]        0.30824E+02  0.10000E+01
 In-flow  [L/T]      0.29675E+01  0.00000E+00
 h Mean   [L]       -0.61059E+02  0.10595E-02
 Top Flux [L/T]     -0.29968E+01
 Bot Flux [L/T]     -0.29398E-01
 WatBalT  [L]        0.76294E-05
 WatBalR  [%]              0.000
----------------------------------------------------------

----------------------------------------------------------
 Time       [T]        2.5000
----------------------------------------------------------
 Sub-region num.                     1
----------------------------------------------------------
 Length   [L]        0.99000E+02  0.00000E+00
 W-volume [L]        0.31121E+02  0.10000E+01
 In-flow  [L/T]      0.29704E+01  0.00000E+00
 h Mean   [L]       -0.58941E+02  0.57340E-03
 Top Flux [L/T]     -0.29998E+01
 Bot Flux [L/T]     -0.29364E-01
 WatBalT  [L]        0.66757E-05
 WatBalR  [%]              0.000
----------------------------------------------------------

----------------------------------------------------------
 Time       [T]        2.6000
----------------------------------------------------------
 Sub-region num.                     1
----------------------------------------------------------
 Length   [L]        0.99000E+02  0.00000E+00
 W-volume [L]        0.31418E+02  0.10000E+01
 In-flow  [L/T]      0.29675E+01  0.00000E+00
 h Mean   [L]       -0.56650E+02  0.19073E-04
 Top Flux [L/T]     -0.29971E+01
 Bot Flux [L/T]     -0.29330E-01
 WatBalT  [L]       -0.14305E-05
 WatBalR  [%]              0.000
----------------------------------------------------------

----------------------------------------------------------
 Time       [T]        2.7000
----------------------------------------------------------
 Sub-region num.                     1
----------------------------------------------------------
 Length   [L]        0.99000E+02  0.00000E+00
 W-volume [L]        0.31714E+02  0.10000E+01
 In-flow  [L/T]      0.29587E+01  0.00000E+00
 h Mean   [L]       -0.54254E+02 -0.15736E-03
 Top Flux [L/T]     -0.29883E+01
 Bot Flux [L/T]     -0.29297E-01
 WatBalT  [L]       -0.14305E-05
 WatBalR  [%]              0.000
----------------------------------------------------------

----------------------------------------------------------
 Time       [T]        2.8000
----------------------------------------------------------
 Sub-region num.                     1
----------------------------------------------------------
 Length   [L]        0.99000E+02  0.00000E+00
 W-volume [L]        0.32008E+02  0.10000E+01
 In-flow  [L/T]      0.29440E+01  0.00000E+00
 h Mean   [L]       -0.51962E+02 -0.24438E-03
 Top Flux [L/T]     -0.29736E+01
 Bot Flux [L/T]     -0.29264E-01
 WatBalT  [L]       -0.71526E-05
 WatBalR  [%]              0.000
----------------------------------------------------------

----------------------------------------------------------
 Time       [T]        2.9000
----------------------------------------------------------
 Sub-region num.                     1
----------------------------------------------------------
 Length   [L]        0.99000E+02  0.00000E+00
 W-volume [L]        0.32301E+02  0.10000E+01
 In-flow  [L/T]      0.29235E+01  0.00000E+00
 h Mean   [L]       -0.49833E+02 -0.68843E-03
 Top Flux [L/T]     -0.29532E+01
 Bot Flux [L/T]     -0.29232E-01
 WatBalT  [L]       -0.14305E-05
 WatBalR  [%]              0.000
----------------------------------------------------------

----------------------------------------------------------
 Time       [T]        3.0000
----------------------------------------------------------
 Sub-region num.                     1
----------------------------------------------------------
 Length   [L]        0.99000E+02  0.00000E+00
 W-volume [L]        0.32591E+02  0.10000E+01
 In-flow  [L/T]      0.28972E+01  0.00000E+00
 h Mean   [L]       -0.47902E+02 -0.78589E-03
 Top Flux [L/T]     -0.29270E+01
 Bot Flux [L/T]     -0.29200E-01
 WatBalT  [L]        0.52452E-05
 WatBalR  [%]              0.000
----------------------------------------------------------

----------------------------------------------------------
 Time       [T]        3.1000
----------------------------------------------------------
 Sub-region num.                     1
----------------------------------------------------------
 Length   [L]        0.99000E+02  0.00000E+00
 W-volume [L]        0.32877E+02  0.10000E+01
 In-flow  [L/T]      0.28653E+01  0.00000E+00
 h Mean   [L]       -0.46079E+02 -0.11417E-02
 Top Flux [L/T]     -0.28953E+01
 Bot Flux [L/T]     -0.29168E-01
 WatBalT  [L]        0.00000E+00
 WatBalR  [%]              0.000
----------------------------------------------------------

----------------------------------------------------------
 Time       [T]        3.2000
----------------------------------------------------------
 Sub-region num.                     1
----------------------------------------------------------
 Length   [L]        0.99000E+02  0.00000E+00
 W-volume [L]        0.33160E+02  0.10000E+01
 In-flow  [L/T]      0.28279E+01  0.00000E+00
 h Mean   [L]       -0.44318E+02 -0.15748E-02
 Top Flux [L/T]     -0.28581E+01
 Bot Flux [L/T]     -0.29135E-01
 WatBalT  [L]        0.28610E-05
 WatBalR  [%]              0.000
----------------------------------------------------------

----------------------------------------------------------
 Time       [T]        3.3000
----------------------------------------------------------
 Sub-region num.                     1
----------------------------------------------------------
 Length   [L]        0.99000E+02  0.00000E+00
 W-volume [L]        0.33438E+02  0.10000E+01
 In-flow  [L/T]      0.27852E+01  0.00000E+00
 h Mean   [L]       -0.42600E+02 -0.98586E-03
 Top Flux [L/T]     -0.28152E+01
 Bot Flux [L/T]     -0.29104E-01
 WatBalT  [L]        0.00000E+00
 WatBalR  [%]              0.000
----------------------------------------------------------

----------------------------------------------------------
 Time       [T]        3.4000
----------------------------------------------------------
 Sub-region num.                     1
----------------------------------------------------------
 Length   [L]        0.99000E+02  0.00000E+00
 W-volume [L]        0.33712E+02  0.10000E+01
 In-flow  [L/T]      0.27373E+01  0.00000E+00
 h Mean   [L]       -0.40898E+02 -0.17691E-02
 Top Flux [L/T]     -0.27672E+01
 Bot Flux [L/T]     -0.29072E-01
 WatBalT  [L]       -0.47684E-05
 WatBalR  [%]              0.000
----------------------------------------------------------

----------------------------------------------------------
 Time       [T]        3.5000
----------------------------------------------------------
 Sub-region num.                     1
----------------------------------------------------------
 Length   [L]        0.99000E+02  0.00000E+00
 W-volume [L]        0.33981E+02  0.10000E+01
 In-flow  [L/T]      0.26843E+01  0.00000E+00
 h Mean   [L]       -0.39154E+02 -0.27227E-02
 Top Flux [L/T]     -0.27147E+01
 Bot Flux [L/T]     -0.29042E-01
 WatBalT  [L]        0.11444E-04
 WatBalR  [%]              0.000
----------------------------------------------------------

----------------------------------------------------------
 Time       [T]        3.6000
----------------------------------------------------------
 Sub-region num.                     1
----------------------------------------------------------
 Length   [L]        0.99000E+02  0.00000E+00
 W-volume [L]        0.34243E+02  0.10000E+01
 In-flow  [L/T]      0.26266E+01  0.00000E+00
 h Mean   [L]       -0.37380E+02 -0.31155E-02
 Top Flux [L/T]     -0.26574E+01
 Bot Flux [L/T]     -0.29011E-01
 WatBalT  [L]       -0.95367E-06
 WatBalR  [%]              0.000
----------------------------------------------------------

----------------------------------------------------------
 Time       [T]        3.7000
----------------------------------------------------------
 Sub-region num.                     1
----------------------------------------------------------
 Length   [L]        0.99000E+02  0.00000E+00
 W-volume [L]        0.34500E+02  0.10000E+01
 In-flow  [L/T]      0.25643E+01  0.00000E+00
 h Mean   [L]       -0.35649E+02 -0.15873E-02
 Top Flux [L/T]     -0.25948E+01
 Bot Flux [L/T]     -0.28982E-01
 WatBalT  [L]        0.76294E-05
 WatBalR  [%]              0.000
----------------------------------------------------------

----------------------------------------------------------
 Time       [T]        3.8000
----------------------------------------------------------
 Sub-region num.                     1
----------------------------------------------------------
 Length   [L]        0.99000E+02  0.00000E+00
 W-volume [L]        0.34749E+02  0.10000E+01
 In-flow  [L/T]      0.24977E+01  0.00000E+00
 h Mean   [L]       -0.33972E+02 -0.37664E-02
 Top Flux [L/T]     -0.25287E+01
 Bot Flux [L/T]     -0.28958E-01
 WatBalT  [L]        0.85831E-05
 WatBalR  [%]              0.000
----------------------------------------------------------

----------------------------------------------------------
 Time       [T]        3.9000
----------------------------------------------------------
 Sub-region num.                     1
----------------------------------------------------------
 Length   [L]        0.99000E+02  0.00000E+00
 W-volume [L]        0.34992E+02  0.10000E+01
 In-flow  [L/T]      0.24271E+01  0.00000E+00
 h Mean   [L]       -0.32402E+02 -0.28253E-02
 Top Flux [L/T]     -0.24579E+01
 Bot Flux [L/T]     -0.28948E-01
 WatBalT  [L]        0.19073E-05
 WatBalR  [%]              0.000
----------------------------------------------------------

----------------------------------------------------------
 Time       [T]        4.0000
----------------------------------------------------------
 Sub-region num.                     1
----------------------------------------------------------
 Length   [L]        0.99000E+02  0.00000E+00
 W-volume [L]        0.35227E+02  0.10000E+01
 In-flow  [L/T]      0.23526E+01  0.00000E+00
 h Mean   [L]       -0.30916E+02 -0.40895E-02
 Top Flux [L/T]     -0.23843E+01
 Bot Flux [L/T]     -0.28975E-01
 WatBalT  [L]       -0.66757E-05
 WatBalR  [%]              0.000
----------------------------------------------------------

----------------------------------------------------------
 Time       [T]        4.1000
----------------------------------------------------------
 Sub-region num.                     1
----------------------------------------------------------
 Length   [L]        0.99000E+02  0.00000E+00
 W-volume [L]        0.35455E+02  0.10000E+01
 In-flow  [L/T]      0.22747E+01  0.00000E+00
 h Mean   [L]       -0.29518E+02 -0.43005E-02
 Top Flux [L/T]     -0.23065E+01
 Bot Flux [L/T]     -0.29101E-01
 WatBalT  [L]       -0.95367E-06
 WatBalR  [%]              0.000
----------------------------------------------------------

----------------------------------------------------------
 Time       [T]        4.2000
----------------------------------------------------------
 Sub-region num.                     1
----------------------------------------------------------
 Length   [L]        0.99000E+02  0.00000E+00
 W-volume [L]        0.35674E+02  0.10000E+01
 In-flow  [L/T]      0.21935E+01  0.00000E+00
 h Mean   [L]       -0.28184E+02 -0.41205E-02
 Top Flux [L/T]     -0.22253E+01
 Bot Flux [L/T]     -0.29473E-01
 WatBalT  [L]       -0.85831E-05
 WatBalR  [%]              0.000
----------------------------------------------------------

----------------------------------------------------------
 Time       [T]        4.3000
----------------------------------------------------------
 Sub-region num.                     1
----------------------------------------------------------
 Length   [L]        0.99000E+02  0.00000E+00
 W-volume [L]        0.35885E+02  0.10000E+01
 In-flow  [L/T]      0.21093E+01  0.00000E+00
 h Mean   [L]       -0.26851E+02 -0.42772E-02
 Top Flux [L/T]     -0.21432E+01
 Bot Flux [L/T]     -0.30720E-01
 WatBalT  [L]        0.47684E-05
 WatBalR  [%]              0.000
----------------------------------------------------------

----------------------------------------------------------
 Time       [T]        4.4000
----------------------------------------------------------
 Sub-region num.                     1
----------------------------------------------------------
 Length   [L]        0.99000E+02  0.00000E+00
 W-volume [L]        0.36087E+02  0.10000E+01
 In-flow  [L/T]      0.20221E+01  0.00000E+00
 h Mean   [L]       -0.25528E+02 -0.52315E-02
 Top Flux [L/T]     -0.20576E+01
 Bot Flux [L/T]     -0.33411E-01
 WatBalT  [L]        0.95367E-05
 WatBalR  [%]              0.000
----------------------------------------------------------

----------------------------------------------------------
 Time       [T]        4.5000
----------------------------------------------------------
 Sub-region num.                     1
----------------------------------------------------------
 Length   [L]        0.99000E+02  0.00000E+00
 W-volume [L]        0.36281E+02  0.10000E+01
 In-flow  [L/T]      0.19324E+01  0.00000E+00
 h Mean   [L]       -0.24245E+02 -0.59378E-02
 Top Flux [L/T]     -0.19679E+01
 Bot Flux [L/T]     -0.37637E-01
 WatBalT  [L]        0.57220E-05
 WatBalR  [%]              0.000
----------------------------------------------------------

----------------------------------------------------------
 Time       [T]        4.6000
----------------------------------------------------------
 Sub-region num.                     1
----------------------------------------------------------
 Length   [L]        0.99000E+02  0.00000E+00
 W-volume [L]        0.36465E+02  0.10000E+01
 In-flow  [L/T]      0.18391E+01  0.00000E+00
 h Mean   [L]       -0.22961E+02 -0.64147E-02
 Top Flux [L/T]     -0.18774E+01
 Bot Flux [L/T]     -0.46104E-01
 WatBalT  [L]       -0.28610E-05
 WatBalR  [%]              0.000
----------------------------------------------------------

----------------------------------------------------------
 Time       [T]        4.7000
----------------------------------------------------------
 Sub-region num.                     1
----------------------------------------------------------
 Length   [L]        0.99000E+02  0.00000E+00
 W-volume [L]        0.36639E+02  0.10000E+01
 In-flow  [L/T]      0.17391E+01  0.00000E+00
 h Mean   [L]       -0.21652E+02 -0.66686E-02
 Top Flux [L/T]     -0.17872E+01
 Bot Flux [L/T]     -0.65449E-01
 WatBalT  [L]        0.95367E-06
 WatBalR  [%]              0.000
----------------------------------------------------------

----------------------------------------------------------
 Time       [T]        4.8000
----------------------------------------------------------
 Sub-region num.                     1
----------------------------------------------------------
 Length   [L]        0.99000E+02  0.00000E+00
 W-volume [L]        0.36802E+02  0.10000E+01
 In-flow  [L/T]      0.16340E+01  0.00000E+00
 h Mean   [L]       -0.20385E+02 -0.73850E-02
 Top Flux [L/T]     -0.16949E+01
 Bot Flux [L/T]     -0.89117E-01
 WatBalT  [L]       -0.66757E-05
 WatBalR  [%]              0.000
----------------------------------------------------------

----------------------------------------------------------
 Time       [T]        4.9000
----------------------------------------------------------
 Sub-region num.                     1
----------------------------------------------------------
 Length   [L]        0.99000E+02  0.00000E+00
 W-volume [L]        0.36953E+02  0.10000E+01
 In-flow  [L/T]      0.15153E+01  0.00000E+00
 h Mean   [L]       -0.19237E+02 -0.81763E-02
 Top Flux [L/T]     -0.16016E+01
 Bot Flux [L/T]     -0.12601E+00
 WatBalT  [L]        0.57220E-05
 WatBalR  [%]              0.000
----------------------------------------------------------

----------------------------------------------------------
 Time       [T]        5.0000
----------------------------------------------------------
 Sub-region num.                     1
----------------------------------------------------------
 Length   [L]        0.99000E+02  0.00000E+00
 W-volume [L]        0.37092E+02  0.10000E+01
 In-flow  [L/T]      0.13825E+01  0.00000E+00
 h Mean   [L]       -0.18230E+02 -0.87884E-02
 Top Flux [L/T]     -0.15081E+01
 Bot Flux [L/T]     -0.17200E+00
 WatBalT  [L]        0.28610E-05
 WatBalR  [%]              0.000
----------------------------------------------------------

----------------------------------------------------------
 Time       [T]        5.1000
----------------------------------------------------------
 Sub-region num.                     1
----------------------------------------------------------
 Length   [L]        0.99000E+02  0.00000E+00
 W-volume [L]        0.37215E+02  0.10000E+01
 In-flow  [L/T]      0.12318E+01  0.00000E+00
 h Mean   [L]       -0.17387E+02 -0.94551E-02
 Top Flux [L/T]     -0.14146E+01
 Bot Flux [L/T]     -0.23021E+00
 WatBalT  [L]       -0.19073E-05
 WatBalR  [%]              0.000
----------------------------------------------------------

----------------------------------------------------------
 Time       [T]        5.2000
----------------------------------------------------------
 Sub-region num.                     1
----------------------------------------------------------
 Length   [L]        0.99000E+02  0.00000E+00
 W-volume [L]        0.37321E+02  0.10000E+01
 In-flow  [L/T]      0.10591E+01  0.00000E+00
 h Mean   [L]       -0.16707E+02 -0.10074E-01
 Top Flux [L/T]     -0.13214E+01
 Bot Flux [L/T]     -0.30590E+00
 WatBalT  [L]       -0.28610E-05
 WatBalR  [%]              0.000
----------------------------------------------------------

----------------------------------------------------------
 Time       [T]        5.3000
----------------------------------------------------------
 Sub-region num.                     1
----------------------------------------------------------
 Length   [L]        0.99000E+02  0.00000E+00
 W-volume [L]        0.37407E+02  0.10000E+01
 In-flow  [L/T]      0.85930E+00  0.00000E+00
 h Mean   [L]       -0.16185E+02 -0.10681E-01
 Top Flux [L/T]     -0.12288E+01
 Bot Flux [L/T]     -0.40572E+00
 WatBalT  [L]       -0.66757E-05
 WatBalR  [%]              0.000
----------------------------------------------------------

----------------------------------------------------------
 Time       [T]        5.4000
----------------------------------------------------------
 Sub-region num.                     1
----------------------------------------------------------
 Length   [L]        0.99000E+02  0.00000E+00
 W-volume [L]        0.37470E+02  0.10000E+01
 In-flow  [L/T]      0.63746E+00  0.00000E+00
 h Mean   [L]       -0.15819E+02 -0.11662E-01
 Top Flux [L/T]     -0.11373E+01
 Bot Flux [L/T]     -0.52806E+00
 WatBalT  [L]       -0.57220E-05
 WatBalR  [%]              0.000
----------------------------------------------------------

----------------------------------------------------------
 Time       [T]        5.5000
----------------------------------------------------------
 Sub-region num.                     1
----------------------------------------------------------
 Length   [L]        0.99000E+02  0.00000E+00
 W-volume [L]        0.37514E+02  0.10000E+01
 In-flow  [L/T]      0.43359E+00  0.00000E+00
 h Mean   [L]       -0.15541E+02 -0.12305E-01
 Top Flux [L/T]     -0.10474E+01
 Bot Flux [L/T]     -0.63303E+00
 WatBalT  [L]        0.47684E-05
 WatBalR  [%]              0.000
----------------------------------------------------------

----------------------------------------------------------
 Time       [T]        5.6000
----------------------------------------------------------
 Sub-region num.                     1
----------------------------------------------------------
 Length   [L]        0.99000E+02  0.00000E+00
 W-volume [L]        0.37534E+02  0.10000E+01
 In-flow  [L/T]      0.20668E+00  0.00000E+00
 h Mean   [L]       -0.15384E+02 -0.12974E-01
 Top Flux [L/T]     -0.95895E+00
 Bot Flux [L/T]     -0.76494E+00
 WatBalT  [L]       -0.57220E-05
 WatBalR  [%]              0.000
----------------------------------------------------------

----------------------------------------------------------
 Time       [T]        5.7000
----------------------------------------------------------
 Sub-region num.                     1
----------------------------------------------------------
 Length   [L]        0.99000E+02  0.00000E+00
 W-volume [L]        0.37536E+02  0.10000E+01
 In-flow  [L/T]      0.19597E-01  0.00000E+00
 h Mean   [L]       -0.15298E+02 -0.13548E-01
 Top Flux [L/T]     -0.87334E+00
 Bot Flux [L/T]     -0.85991E+00
 WatBalT  [L]        0.28610E-05
 WatBalR  [%]              0.000
----------------------------------------------------------

----------------------------------------------------------
 Time       [T]        5.8000
----------------------------------------------------------
 Sub-region num.                     1
----------------------------------------------------------
 Length   [L]        0.99000E+02  0.00000E+00
 W-volume [L]        0.37518E+02  0.10000E+01
 In-flow  [L/T]     -0.18171E+00  0.00000E+00
 h Mean   [L]       -0.15298E+02 -0.14447E-01
 Top Flux [L/T]     -0.79017E+00
 Bot Flux [L/T]     -0.97255E+00
 WatBalT  [L]        0.47684E-05
 WatBalR  [%]              0.000
----------------------------------------------------------

----------------------------------------------------------
 Time       [T]        5.9000
----------------------------------------------------------
 Sub-region num.                     1
----------------------------------------------------------
 Length   [L]        0.99000E+02  0.00000E+00
 W-volume [L]        0.37484E+02  0.10000E+01
 In-flow  [L/T]     -0.34661E+00  0.00000E+00
 h Mean   [L]       -0.15358E+02 -0.15193E-01
 Top Flux [L/T]     -0.70972E+00
 Bot Flux [L/T]     -0.10528E+01
 WatBalT  [L]        0.95367E-06
 WatBalR  [%]              0.000
----------------------------------------------------------

----------------------------------------------------------
 Time       [T]        6.0000
----------------------------------------------------------
 Sub-region num.                     1
----------------------------------------------------------
 Length   [L]        0.99000E+02  0.00000E+00
 W-volume [L]        0.37435E+02  0.10000E+01
 In-flow  [L/T]     -0.48722E+00  0.00000E+00
 h Mean   [L]       -0.15473E+02 -0.15824E-01
 Top Flux [L/T]     -0.63235E+00
 Bot Flux [L/T]     -0.11129E+01
 WatBalT  [L]       -0.57220E-05
 WatBalR  [%]              0.000
----------------------------------------------------------

----------------------------------------------------------
 Time       [T]        6.1000
----------------------------------------------------------
 Sub-region num.                     1
----------------------------------------------------------
 Length   [L]        0.99000E+02  0.00000E+00
 W-volume [L]        0.37374E+02  0.10000E+01
 In-flow  [L/T]     -0.60755E+00  0.00000E+00
 h Mean   [L]       -0.15633E+02 -0.16435E-01
 Top Flux [L/T]     -0.55835E+00
 Bot Flux [L/T]     -0.11568E+01
 WatBalT  [L]        0.76294E-05
 WatBalR  [%]              0.000
----------------------------------------------------------

----------------------------------------------------------
 Time       [T]        6.2000
----------------------------------------------------------
 Sub-region num.                     1
----------------------------------------------------------
 Length   [L]        0.99000E+02  0.00000E+00
 W-volume [L]        0.37302E+02  0.10000E+01
 In-flow  [L/T]     -0.72305E+00  0.00000E+00
 h Mean   [L]       -0.15837E+02 -0.17096E-01
 Top Flux [L/T]     -0.48739E+00
 Bot Flux [L/T]     -0.11998E+01
 WatBalT  [L]        0.47684E-05
 WatBalR  [%]              0.000
----------------------------------------------------------

----------------------------------------------------------
 Time       [T]        6.3000
----------------------------------------------------------
 Sub-region num.                     1
----------------------------------------------------------
 Length   [L]        0.99000E+02  0.00000E+00
 W-volume [L]        0.37220E+02  0.10000E+01
 In-flow  [L/T]     -0.81864E+00  0.00000E+00
 h Mean   [L]       -0.16073E+02 -0.17746E-01
 Top Flux [L/T]     -0.42169E+00
 Bot Flux [L/T]     -0.12275E+01
 WatBalT  [L]       -0.19073E-05
 WatBalR  [%]              0.000
----------------------------------------------------------

----------------------------------------------------------
 Time       [T]        6.4000
----------------------------------------------------------
 Sub-region num.                     1
----------------------------------------------------------
 Length   [L]        0.99000E+02  0.00000E+00
 W-volume [L]        0.37130E+02  0.10000E+01
 In-flow  [L/T]     -0.89748E+00  0.00000E+00
 h Mean   [L]       -0.16339E+02 -0.18126E-01
 Top Flux [L/T]     -0.36008E+00
 Bot Flux [L/T]     -0.12430E+01
 WatBalT  [L]       -0.14305E-04
 WatBalR  [%]              0.000
----------------------------------------------------------

----------------------------------------------------------
 Time       [T]        6.5000
----------------------------------------------------------
 Sub-region num.                     1
----------------------------------------------------------
 Length   [L]        0.99000E+02  0.00000E+00
 W-volume [L]        0.37034E+02  0.10000E+01
 In-flow  [L/T]     -0.96580E+00  0.00000E+00
 h Mean   [L]       -0.16625E+02 -0.19644E-01
 Top Flux [L/T]     -0.29940E+00
 Bot Flux [L/T]     -0.12528E+01
 WatBalT  [L]        0.95367E-06
 WatBalR  [%]              0.000
----------------------------------------------------------

----------------------------------------------------------
 Time       [T]        6.6000
----------------------------------------------------------
 Sub-region num.                     1
----------------------------------------------------------
 Length   [L]        0.99000E+02  0.00000E+00
 W-volume [L]        0.36932E+02  0.10000E+01
 In-flow  [L/T]     -0.10211E+01  0.00000E+00
 h Mean   [L]       -0.16935E+02 -0.20087E-01
 Top Flux [L/T]     -0.24653E+00
 Bot Flux [L/T]     -0.12545E+01
 WatBalT  [L]        0.00000E+00
 WatBalR  [%]              0.000
----------------------------------------------------------

----------------------------------------------------------
 Time       [T]        6.7000
----------------------------------------------------------
 Sub-region num.                     1
----------------------------------------------------------
 Length   [L]        0.99000E+02  0.00000E+00
 W-volume [L]        0.36825E+02  0.10000E+01
 In-flow  [L/T]     -0.10648E+01  0.00000E+00
 h Mean   [L]       -0.17264E+02 -0.20223E-01
 Top Flux [L/T]     -0.19749E+00
 Bot Flux [L/T]     -0.12499E+01
 WatBalT  [L]       -0.11444E-04
 WatBalR  [%]              0.000
----------------------------------------------------------

----------------------------------------------------------
 Time       [T]        6.8000
----------------------------------------------------------
 Sub-region num.                     1
----------------------------------------------------------
 Length   [L]        0.99000E+02  0.00000E+00
 W-volume [L]        0.36715E+02  0.10000E+01
 In-flow  [L/T]     -0.10984E+01  0.00000E+00
 h Mean   [L]       -0.17607E+02 -0.20023E-01
 Top Flux [L/T]     -0.15532E+00
 Bot Flux [L/T]     -0.12402E+01
 WatBalT  [L]        0.11444E-04
 WatBalR  [%]              0.000
----------------------------------------------------------

----------------------------------------------------------
 Time       [T]        6.9000
----------------------------------------------------------
 Sub-region num.                     1
----------------------------------------------------------
 Length   [L]        0.99000E+02  0.00000E+00
 W-volume [L]        0.36602E+02  0.10000E+01
 In-flow  [L/T]     -0.11225E+01  0.00000E+00
 h Mean   [L]       -0.17962E+02 -0.20195E-01
 Top Flux [L/T]     -0.11835E+00
 Bot Flux [L/T]     -0.12266E+01
 WatBalT  [L]        0.47684E-05
 WatBalR  [%]              0.000
----------------------------------------------------------

----------------------------------------------------------
 Time       [T]        7.0000
----------------------------------------------------------
 Sub-region num.                     1
----------------------------------------------------------
 Length   [L]        0.99000E+02  0.00000E+00
 W-volume [L]        0.36488E+02  0.10000E+01
 In-flow  [L/T]     -0.11380E+01  0.00000E+00
 h Mean   [L]       -0.18326E+02 -0.20140E-01
 Top Flux [L/T]     -0.86703E-01
 Bot Flux [L/T]     -0.12100E+01
 WatBalT  [L]        0.10490E-04
 WatBalR  [%]              0.000
----------------------------------------------------------

----------------------------------------------------------
 Time       [T]        7.1000
----------------------------------------------------------
 Sub-region num.                     1
----------------------------------------------------------
 Length   [L]        0.99000E+02  0.00000E+00
 W-volume [L]        0.36372E+02  0.10000E+01
 In-flow  [L/T]     -0.11454E+01  0.00000E+00
 h Mean   [L]       -0.18698E+02 -0.20007E-01
 Top Flux [L/T]     -0.60458E-01
 Bot Flux [L/T]     -0.11909E+01
 WatBalT  [L]       -0.95367E-06
 WatBalR  [%]              0.000
----------------------------------------------------------

----------------------------------------------------------
 Time       [T]        7.2000
----------------------------------------------------------
 Sub-region num.                     1
----------------------------------------------------------
 Length   [L]        0.99000E+02  0.00000E+00
 W-volume [L]        0.36257E+02  0.10000E+01
 In-flow  [L/T]     -0.11452E+01  0.00000E+00
 h Mean   [L]       -0.19074E+02 -0.20147E-01
 Top Flux [L/T]     -0.39709E-01
 Bot Flux [L/T]     -0.11700E+01
 WatBalT  [L]       -0.57220E-05
 WatBalR  [%]              0.000
----------------------------------------------------------

----------------------------------------------------------
 Time       [T]        7.3000
----------------------------------------------------------
 Sub-region num.                     1
----------------------------------------------------------
 Length   [L]        0.99000E+02  0.00000E+00
 W-volume [L]        0.36142E+02  0.10000E+01
 In-flow  [L/T]     -0.11377E+01  0.00000E+00
 h Mean   [L]       -0.19450E+02 -0.19069E-01
 Top Flux [L/T]     -0.23038E-01
 Bot Flux [L/T]     -0.11478E+01
 WatBalT  [L]        0.00000E+00
 WatBalR  [%]              0.000
----------------------------------------------------------

----------------------------------------------------------
 Time       [T]        7.4000
----------------------------------------------------------
 Sub-region num.                     1
----------------------------------------------------------
 Length   [L]        0.99000E+02  0.00000E+00
 W-volume [L]        0.36029E+02  0.10000E+01
 In-flow  [L/T]     -0.11276E+01  0.00000E+00
 h Mean   [L]       -0.19825E+02 -0.17888E-01
 Top Flux [L/T]     -0.13385E-01
 Bot Flux [L/T]     -0.11285E+01
 WatBalT  [L]        0.38147E-05
 WatBalR  [%]              0.000
----------------------------------------------------------

----------------------------------------------------------
 Time       [T]        7.5000
----------------------------------------------------------
 Sub-region num.                     1
----------------------------------------------------------
 Length   [L]        0.99000E+02  0.00000E+00
 W-volume [L]        0.35917E+02  0.10000E+01
 In-flow  [L/T]     -0.11115E+01  0.00000E+00
 h Mean   [L]       -0.20199E+02 -0.17304E-01
 Top Flux [L/T]     -0.99724E-02
 Bot Flux [L/T]     -0.11092E+01
 WatBalT  [L]        0.38147E-05
 WatBalR  [%]              0.000
----------------------------------------------------------

----------------------------------------------------------
 Time       [T]        7.6000
----------------------------------------------------------
 Sub-region num.                     1
----------------------------------------------------------
 Length   [L]        0.99000E+02  0.00000E+00
 W-volume [L]        0.35807E+02  0.10000E+01
 In-flow  [L/T]     -0.10882E+01  0.00000E+00
 h Mean   [L]       -0.20571E+02 -0.16682E-01
 Top Flux [L/T]     -0.12015E-01
 Bot Flux [L/T]     -0.10887E+01
 WatBalT  [L]        0.19073E-05
 WatBalR  [%]              0.000
----------------------------------------------------------

----------------------------------------------------------
 Time       [T]        7.7000
----------------------------------------------------------
 Sub-region num.                     1
----------------------------------------------------------
 Length   [L]        0.99000E+02  0.00000E+00
 W-volume [L]        0.35700E+02  0.10000E+01
 In-flow  [L/T]     -0.10580E+01  0.00000E+00
 h Mean   [L]       -0.20940E+02 -0.15742E-01
 Top Flux [L/T]     -0.19457E-01
 Bot Flux [L/T]     -0.10672E+01
 WatBalT  [L]        0.28610E-05
 WatBalR  [%]              0.000
----------------------------------------------------------

----------------------------------------------------------
 Time       [T]        7.8000
----------------------------------------------------------
 Sub-region num.                     1
----------------------------------------------------------
 Length   [L]        0.99000E+02  0.00000E+00
 W-volume [L]        0.35597E+02  0.10000E+01
 In-flow  [L/T]     -0.10210E+01  0.00000E+00
 h Mean   [L]       -0.21303E+02 -0.14840E-01
 Top Flux [L/T]     -0.32725E-01
 Bot Flux [L/T]     -0.10449E+01
 WatBalT  [L]        0.47684E-05
 WatBalR  [%]              0.000
----------------------------------------------------------

----------------------------------------------------------
 Time       [T]        7.9000
----------------------------------------------------------
 Sub-region num.                     1
----------------------------------------------------------
 Length   [L]        0.99000E+02  0.00000E+00
 W-volume [L]        0.35499E+02  0.10000E+01
 In-flow  [L/T]     -0.97754E+00  0.00000E+00
 h Mean   [L]       -0.21656E+02 -0.13814E-01
 Top Flux [L/T]     -0.51498E-01
 Bot Flux [L/T]     -0.10220E+01
 WatBalT  [L]        0.00000E+00
 WatBalR  [%]              0.000
----------------------------------------------------------

----------------------------------------------------------
 Time       [T]        8.0000
----------------------------------------------------------
 Sub-region num.                     1
----------------------------------------------------------
 Length   [L]        0.99000E+02  0.00000E+00
 W-volume [L]        0.35405E+02  0.10000E+01
 In-flow  [L/T]     -0.92796E+00  0.00000E+00
 h Mean   [L]       -0.21995E+02 -0.12383E-01
 Top Flux [L/T]     -0.75870E-01
 Bot Flux [L/T]     -0.99862E+00
 WatBalT  [L]       -0.38147E-05
 WatBalR  [%]              0.000
----------------------------------------------------------

----------------------------------------------------------
 Time       [T]        8.1000
----------------------------------------------------------
 Sub-region num.                     1
----------------------------------------------------------
 Length   [L]        0.99000E+02  0.00000E+00
 W-volume [L]        0.35316E+02  0.10000E+01
 In-flow  [L/T]     -0.87249E+00  0.00000E+00
 h Mean   [L]       -0.22318E+02 -0.10541E-01
 Top Flux [L/T]     -0.10586E+00
 Bot Flux [L/T]     -0.97503E+00
 WatBalT  [L]        0.28610E-05
 WatBalR  [%]              0.000
----------------------------------------------------------

----------------------------------------------------------
 Time       [T]        8.2000
----------------------------------------------------------
 Sub-region num.                     1
----------------------------------------------------------
 Length   [L]        0.99000E+02  0.00000E+00
 W-volume [L]        0.35234E+02  0.10000E+01
 In-flow  [L/T]     -0.81136E+00  0.00000E+00
 h Mean   [L]       -0.22625E+02 -0.80499E-02
 Top Flux [L/T]     -0.14128E+00
 Bot Flux [L/T]     -0.95132E+00
 WatBalT  [L]       -0.28610E-05
 WatBalR  [%]              0.000
----------------------------------------------------------

----------------------------------------------------------
 Time       [T]        8.3000
----------------------------------------------------------
 Sub-region num.                     1
----------------------------------------------------------
 Length   [L]        0.99000E+02  0.00000E+00
 W-volume [L]        0.35159E+02  0.10000E+01
 In-flow  [L/T]     -0.74495E+00  0.00000E+00
 h Mean   [L]       -0.22912E+02 -0.58011E-02
 Top Flux [L/T]     -0.18207E+00
 Bot Flux [L/T]     -0.92771E+00
 WatBalT  [L]        0.38147E-05
 WatBalR  [%]              0.000
----------------------------------------------------------

----------------------------------------------------------
 Time       [T]        8.4000
----------------------------------------------------------
 Sub-region num.                     1
----------------------------------------------------------
 Length   [L]        0.99000E+02  0.00000E+00
 W-volume [L]        0.35090E+02  0.10000E+01
 In-flow  [L/T]     -0.67355E+00  0.00000E+00
 h Mean   [L]       -0.23178E+02 -0.31675E-02
 Top Flux [L/T]     -0.22822E+00
 Bot Flux [L/T]     -0.90432E+00
 WatBalT  [L]        0.95367E-05
 WatBalR  [%]              0.000
----------------------------------------------------------

----------------------------------------------------------
 Time       [T]        8.5000
----------------------------------------------------------
 Sub-region num.                     1
----------------------------------------------------------
 Length   [L]        0.99000E+02  0.00000E+00
 W-volume [L]        0.35030E+02  0.10000E+01
 In-flow  [L/T]     -0.59768E+00  0.00000E+00
 h Mean   [L]       -0.23420E+02 -0.59128E-03
 Top Flux [L/T]     -0.27930E+00
 Bot Flux [L/T]     -0.88147E+00
 WatBalT  [L]        0.19073E-05
 WatBalR  [%]              0.000
----------------------------------------------------------

----------------------------------------------------------
 Time       [T]        8.6000
----------------------------------------------------------
 Sub-region num.                     1
----------------------------------------------------------
 Length   [L]        0.99000E+02  0.00000E+00
 W-volume [L]        0.34978E+02  0.10000E+01
 In-flow  [L/T]     -0.51783E+00  0.00000E+00
 h Mean   [L]       -0.23637E+02  0.20018E-02
 Top Flux [L/T]     -0.33384E+00
 Bot Flux [L/T]     -0.85947E+00
 WatBalT  [L]       -0.95367E-06
 WatBalR  [%]              0.000
----------------------------------------------------------

----------------------------------------------------------
 Time       [T]        8.7000
----------------------------------------------------------
 Sub-region num.                     1
----------------------------------------------------------
 Length   [L]        0.99000E+02  0.00000E+00
 W-volume [L]        0.34934E+02  0.10000E+01
 In-flow  [L/T]     -0.43439E+00  0.00000E+00
 h Mean   [L]       -0.23829E+02  0.49651E-02
 Top Flux [L/T]     -0.39413E+00
 Bot Flux [L/T]     -0.83849E+00
 WatBalT  [L]       -0.76294E-05
 WatBalR  [%]              0.000
----------------------------------------------------------

----------------------------------------------------------
 Time       [T]        8.8000
----------------------------------------------------------
 Sub-region num.                     1
----------------------------------------------------------
 Length   [L]        0.99000E+02  0.00000E+00
 W-volume [L]        0.34899E+02  0.10000E+01
 In-flow  [L/T]     -0.35154E+00  0.00000E+00
 h Mean   [L]       -0.23988E+02  0.79960E-02
 Top Flux [L/T]     -0.45754E+00
 Bot Flux [L/T]     -0.82225E+00
 WatBalT  [L]        0.13351E-04
 WatBalR  [%]              0.000
----------------------------------------------------------

----------------------------------------------------------
 Time       [T]        8.9000
----------------------------------------------------------
 Sub-region num.                     1
----------------------------------------------------------
 Length   [L]        0.99000E+02  0.00000E+00
 W-volume [L]        0.34872E+02  0.10000E+01
 In-flow  [L/T]     -0.26637E+00  0.00000E+00
 h Mean   [L]       -0.24123E+02  0.11484E-01
 Top Flux [L/T]     -0.52529E+00
 Bot Flux [L/T]     -0.80770E+00
 WatBalT  [L]        0.19073E-05
 WatBalR  [%]              0.000
----------------------------------------------------------

----------------------------------------------------------
 Time       [T]        9.0000
----------------------------------------------------------
 Sub-region num.                     1
----------------------------------------------------------
 Length   [L]        0.99000E+02  0.00000E+00
 W-volume [L]        0.34854E+02  0.10000E+01
 In-flow  [L/T]     -0.17728E+00  0.00000E+00
 h Mean   [L]       -0.24226E+02  0.15321E-01
 Top Flux [L/T]     -0.59859E+00
 Bot Flux [L/T]     -0.79302E+00
 WatBalT  [L]        0.66757E-05
 WatBalR  [%]              0.000
----------------------------------------------------------

----------------------------------------------------------
 Time       [T]        9.1000
----------------------------------------------------------
 Sub-region num.                     1
----------------------------------------------------------
 Length   [L]        0.99000E+02  0.00000E+00
 W-volume [L]        0.34846E+02  0.10000E+01
 In-flow  [L/T]     -0.84644E-01  0.00000E+00
 h Mean   [L]       -0.24299E+02  0.19151E-01
 Top Flux [L/T]     -0.67533E+00
 Bot Flux [L/T]     -0.77831E+00
 WatBalT  [L]        0.57220E-05
 WatBalR  [%]              0.000
----------------------------------------------------------

----------------------------------------------------------
 Time       [T]        9.2000
----------------------------------------------------------
 Sub-region num.                     1
----------------------------------------------------------
 Length   [L]        0.99000E+02  0.00000E+00
 W-volume [L]        0.34847E+02  0.10000E+01
 In-flow  [L/T]      0.11140E-01  0.00000E+00
 h Mean   [L]       -0.24342E+02  0.23156E-01
 Top Flux [L/T]     -0.75642E+00
 Bot Flux [L/T]     -0.76365E+00
 WatBalT  [L]        0.95367E-05
 WatBalR  [%]              0.000
----------------------------------------------------------

----------------------------------------------------------
 Time       [T]        9.3000
----------------------------------------------------------
 Sub-region num.                     1
----------------------------------------------------------
 Length   [L]        0.99000E+02  0.00000E+00
 W-volume [L]        0.34858E+02  0.10000E+01
 In-flow  [L/T]      0.10969E+00  0.00000E+00
 h Mean   [L]       -0.24352E+02  0.26994E-01
 Top Flux [L/T]     -0.84144E+00
 Bot Flux [L/T]     -0.74908E+00
 WatBalT  [L]        0.00000E+00
 WatBalR  [%]              0.000
----------------------------------------------------------

----------------------------------------------------------
 Time       [T]        9.4000
----------------------------------------------------------
 Sub-region num.                     1
----------------------------------------------------------
 Length   [L]        0.99000E+02  0.00000E+00
 W-volume [L]        0.34879E+02  0.10000E+01
 In-flow  [L/T]      0.21064E+00  0.00000E+00
 h Mean   [L]       -0.24326E+02  0.29991E-01
 Top Flux [L/T]     -0.92734E+00
 Bot Flux [L/T]     -0.73463E+00
 WatBalT  [L]        0.00000E+00
 WatBalR  [%]              0.000
----------------------------------------------------------

----------------------------------------------------------
 Time       [T]        9.5000
----------------------------------------------------------
 Sub-region num.                     1
----------------------------------------------------------
 Length   [L]        0.99000E+02  0.00000E+00
 W-volume [L]        0.34910E+02  0.10000E+01
 In-flow  [L/T]      0.31363E+00  0.00000E+00
 h Mean   [L]       -0.24266E+02  0.32848E-01
 Top Flux [L/T]     -0.10151E+01
 Bot Flux [L/T]     -0.72032E+00
 WatBalT  [L]       -0.19073E-05
 WatBalR  [%]              0.000
----------------------------------------------------------

----------------------------------------------------------
 Time       [T]        9.6000
----------------------------------------------------------
 Sub-region num.                     1
----------------------------------------------------------
 Length   [L]        0.99000E+02  0.00000E+00
 W-volume [L]        0.34952E+02  0.10000E+01
 In-flow  [L/T]      0.41828E+00  0.00000E+00
 h Mean   [L]       -0.24169E+02  0.35962E-01
 Top Flux [L/T]     -0.11060E+01
 Bot Flux [L/T]     -0.70620E+00
 WatBalT  [L]        0.57220E-05
 WatBalR  [%]              0.000
----------------------------------------------------------

----------------------------------------------------------
 Time       [T]        9.7000
----------------------------------------------------------
 Sub-region num.                     1
----------------------------------------------------------
 Length   [L]        0.99000E+02  0.00000E+00
 W-volume [L]        0.35004E+02  0.10000E+01
 In-flow  [L/T]      0.52420E+00  0.00000E+00
 h Mean   [L]       -0.24033E+02  0.38358E-01
 Top Flux [L/T]     -0.12001E+01
 Bot Flux [L/T]     -0.69227E+00
 WatBalT  [L]       -0.95367E-06
 WatBalR  [%]              0.000
----------------------------------------------------------

----------------------------------------------------------
 Time       [T]        9.8000
----------------------------------------------------------
 Sub-region num.                     1
----------------------------------------------------------
 Length   [L]        0.99000E+02  0.00000E+00
 W-volume [L]        0.35068E+02  0.10000E+01
 In-flow  [L/T]      0.63101E+00  0.00000E+00
 h Mean   [L]       -0.23857E+02  0.37866E-01
 Top Flux [L/T]     -0.12934E+01
 Bot Flux [L/T]     -0.67858E+00
 WatBalT  [L]        0.47684E-05
 WatBalR  [%]              0.000
----------------------------------------------------------

----------------------------------------------------------
 Time       [T]        9.9000
----------------------------------------------------------
 Sub-region num.                     1
----------------------------------------------------------
 Length   [L]        0.99000E+02  0.00000E+00
 W-volume [L]        0.35141E+02  0.10000E+01
 In-flow  [L/T]      0.73833E+00  0.00000E+00
 h Mean   [L]       -0.23637E+02  0.38634E-01
 Top Flux [L/T]     -0.13870E+01
 Bot Flux [L/T]     -0.66511E+00
 WatBalT  [L]       -0.57220E-05
 WatBalR  [%]              0.000
----------------------------------------------------------

----------------------------------------------------------
 Time       [T]       10.0000
----------------------------------------------------------
 Sub-region num.                     1
----------------------------------------------------------
 Length   [L]        0.99000E+02  0.00000E+00
 W-volume [L]        0.35226E+02  0.10000E+01
 In-flow  [L/T]      0.84575E+00  0.00000E+00
 h Mean   [L]       -0.23377E+02  0.37550E-01
 Top Flux [L/T]     -0.14828E+01
 Bot Flux [L/T]     -0.65193E+00
 WatBalT  [L]       -0.85831E-05
 WatBalR  [%]              0.000
----------------------------------------------------------
 
 Calculation time [sec]  0.169999957084656     
