 ******* Program HYDRUS
 ******* 
 Welcome to HYDRUS-1D                                                    
 Date:   1. 2.2026    Time:  18:10:40
 Units: L = cm   , T = days , M = mmol 


    TLevel      Time          dt      Iter    ItCum  KodT  KodB  Convergency

        1  0.1000000E-02  0.10000E-02    3        3    -4    -5     T
        2  0.2000000E-02  0.10000E-02    2        5    -4    -5     T
        3  0.3300000E-02  0.13000E-02    2        7    -4    -5     T
        4  0.4990000E-02  0.16900E-02    2        9    -4    -5     T
        5  0.7187000E-02  0.21970E-02    2       11    -4    -5     T
        6  0.1004310E-01  0.28561E-02    2       13    -4    -5     T
        7  0.1375603E-01  0.37129E-02    2       15    -4    -5     T
        8  0.1858284E-01  0.48268E-02    4       19    -4    -5     T
        9  0.2340965E-01  0.48268E-02    2       21    -4    -5     T
       10  0.2968450E-01  0.62749E-02    2       23    -4    -5     T
       11  0.3749733E-01  0.78128E-02    3       26    -4    -5     T
       12  0.4791444E-01  0.10417E-01    4       30    -4    -5     T
       13  0.5833155E-01  0.10417E-01    3       33    -4    -5     T
       14  0.7222103E-01  0.13889E-01    5       38    -4    -5     T
       15  0.8611052E-01  0.13889E-01    3       41    -4    -5     T
       16  0.1000000E+00  0.13889E-01    3       44    -4    -5     T
       17  0.1166667E+00  0.16667E-01    2       46    -4    -5     T
       18  0.1375000E+00  0.20833E-01    4       50    -4    -5     T
       19  0.1583333E+00  0.20833E-01    4       54    -4    -5     T
       20  0.1791667E+00  0.20833E-01    4       58    -4    -5     T
       21  0.2000000E+00  0.20833E-01    3       61    -4    -5     T
       22  0.2333333E+00  0.33333E-01    4       65    -4    -5     T
       23  0.2666667E+00  0.33333E-01    4       69    -4    -5     T
       24  0.3000000E+00  0.33333E-01    4       73    -4    -5     T
       25  0.3333333E+00  0.33333E-01    3       76    -4    -5     T
       26  0.3666667E+00  0.33333E-01    4       80    -4    -5     T
       27  0.4000000E+00  0.33333E-01    4       84    -4    -5     T
       28  0.4333333E+00  0.33333E-01    3       87    -4    -5     T
       29  0.5000000E+00  0.66667E-01    6       93    -4    -5     T
       30  0.5500000E+00  0.50000E-01    4       97    -4    -5     T
       31  0.6000000E+00  0.50000E-01    4      101    -4    -5     T
       32  0.6500000E+00  0.50000E-01    4      105    -4    -5     T
       33  0.7000000E+00  0.50000E-01    4      109    -4    -5     T
       34  0.7500000E+00  0.50000E-01    4      113    -4    -5     T
       35  0.8000000E+00  0.50000E-01    4      117    -4    -5     T
       36  0.8500000E+00  0.50000E-01    4      121    -4    -5     T
       37  0.9000000E+00  0.50000E-01    4      125    -4    -5     T
       38  0.9500000E+00  0.50000E-01    4      129    -4    -5     T
       39  0.1000000E+01  0.50000E-01    4      133    -4    -5     T
       40  0.1050000E+01  0.50000E-01    4      137    -4    -5     T
       41  0.1100000E+01  0.50000E-01    4      141    -4    -5     T
       42  0.1150000E+01  0.50000E-01    4      145    -4    -5     T
       43  0.1200000E+01  0.50000E-01    4      149    -4    -5     T
       44  0.1250000E+01  0.50000E-01    5      154    -4    -5     T
       45  0.1300000E+01  0.50000E-01    5      159    -4    -5     T
       46  0.1350000E+01  0.50000E-01    5      164    -4    -5     T
       47  0.1400000E+01  0.50000E-01    4      168    -4    -5     T
       48  0.1450000E+01  0.50000E-01    5      173    -4    -5     T
       49  0.1500000E+01  0.50000E-01    6      179    -4    -5     T
       50  0.1550000E+01  0.50000E-01    6      185    -4    -5     T
       51  0.1600000E+01  0.50000E-01    6      191    -4    -5     T
       52  0.1650000E+01  0.50000E-01    7      198    -4    -5     T
       53  0.1700000E+01  0.50000E-01    6      204    -4    -5     T
       54  0.1733333E+01  0.33333E-01    5      209    -4    -5     T
       55  0.1766667E+01  0.33333E-01    4      213    -4    -5     T
       56  0.1800000E+01  0.33333E-01    4      217    -4    -5     T
       57  0.1833333E+01  0.33333E-01    4      221    -4    -5     T
       58  0.1866667E+01  0.33333E-01    4      225    -4    -5     T
       59  0.1900000E+01  0.33333E-01    4      229    -4    -5     T
       60  0.1933333E+01  0.33333E-01    4      233    -4    -5     T
       61  0.1966667E+01  0.33333E-01    4      237    -4    -5     T
       62  0.2000000E+01  0.33333E-01    4      241    -4    -5     T
       63  0.2033333E+01  0.33333E-01    4      245    -4    -5     T
       64  0.2066667E+01  0.33333E-01    5      250    -4    -5     T
       65  0.2100000E+01  0.33333E-01    5      255    -4    -5     T
       66  0.2133333E+01  0.33333E-01    6      261    -4    -5     T
       67  0.2166667E+01  0.33333E-01    5      266    -4    -5     T
       68  0.2200000E+01  0.33333E-01    6      272    -4    -5     T
       69  0.2233333E+01  0.33333E-01    6      278    -4    -5     T
       70  0.2266667E+01  0.33333E-01    6      284    -4    -5     T
       71  0.2300000E+01  0.33333E-01    6      290    -4    -5     T
       72  0.2333333E+01  0.33333E-01    8      298    -4    -5     T
       73  0.2355556E+01  0.22222E-01    4      302    -4    -5     T
       74  0.2377778E+01  0.22222E-01    4      306    -4    -5     T
       75  0.2400000E+01  0.22222E-01    5      311    -4    -5     T
       76  0.2425000E+01  0.25000E-01    6      317    -4    -5     T
       77  0.2450000E+01  0.25000E-01    6      323    -4    -5     T
       78  0.2475000E+01  0.25000E-01    7      330    -4    -5     T
       79  0.2500000E+01  0.25000E-01    5      335    -4    -5     T
       80  0.2516667E+01  0.16667E-01    4      339    -4    -5     T
       81  0.2533333E+01  0.16667E-01    4      343    -4    -5     T
       82  0.2550000E+01  0.16667E-01    3      346    -4    -5     T
       83  0.2575000E+01  0.25000E-01    5      351    -4    -5     T
       84  0.2600000E+01  0.25000E-01    6      357    -4    -5     T
       85  0.2625000E+01  0.25000E-01    6      363    -4    -5     T
       86  0.2650000E+01  0.25000E-01    5      368    -4    -5     T
       87  0.2675000E+01  0.25000E-01    5      373    -4    -5     T
       88  0.2700000E+01  0.25000E-01    5      378    -4    -5     T
       89  0.2725000E+01  0.25000E-01    4      382    -4    -5     T
       90  0.2750000E+01  0.25000E-01    3      385    -4    -5     T
       91  0.2775000E+01  0.25000E-01    3      388    -4    -5     T
       92  0.2800000E+01  0.25000E-01    3      391    -4    -5     T
       93  0.2833333E+01  0.33333E-01    4      395    -4    -5     T
       94  0.2866667E+01  0.33333E-01    4      399    -4    -5     T
       95  0.2900000E+01  0.33333E-01    4      403    -4    -5     T
       96  0.2933333E+01  0.33333E-01    3      406    -4    -5     T
       97  0.2955556E+01  0.22222E-01    4      420    -4    -5     T
       98  0.2977778E+01  0.22222E-01    2      422    -4    -5     T
       99  0.3000000E+01  0.22222E-01    2      424    -4    -5     T
      100  0.3033333E+01  0.33333E-01    3      427    -4    -5     T
      101  0.3066667E+01  0.33333E-01    3      430    -4    -5     T
      102  0.3100000E+01  0.33333E-01    3      433    -4    -5     T
      103  0.3150000E+01  0.50000E-01    5      438    -4    -5     T
      104  0.3200000E+01  0.50000E-01    5      443    -4    -5     T
      105  0.3250000E+01  0.50000E-01    7      450    -4    -5     T
      106  0.3300000E+01  0.50000E-01    9      459    -4    -5     T
      107  0.3325000E+01  0.25000E-01    3      462    -4    -5     T
      108  0.3362500E+01  0.37500E-01    3      465    -4    -5     T
      109  0.3400000E+01  0.37500E-01    3      468    -4    -5     T
      110  0.3450000E+01  0.50000E-01    5      473    -4    -5     T
      111  0.3500000E+01  0.50000E-01    4      477    -4    -5     T
      112  0.3550000E+01  0.50000E-01    3      480    -4    -5     T
      113  0.3600000E+01  0.50000E-01    5      485    -4    -5     T
      114  0.3650000E+01  0.50000E-01    6      491    -4    -5     T
      115  0.3700000E+01  0.50000E-01    5      496    -4    -5     T
      116  0.3750000E+01  0.50000E-01    6      502    -4    -5     T
      117  0.3800000E+01  0.50000E-01    5      507    -4    -5     T
      118  0.3850000E+01  0.50000E-01    6      513    -4    -5     T
      119  0.3900000E+01  0.50000E-01    5      518    -4    -5     T
      120  0.3950000E+01  0.50000E-01    2      520    -4    -5     T
      121  0.4000000E+01  0.50000E-01    5      525    -4    -5     T
      122  0.4050000E+01  0.50000E-01    3      528    -4    -5     T
      123  0.4100000E+01  0.50000E-01    2      530    -4    -5     T
      124  0.4150000E+01  0.50000E-01    3      533    -4    -5     T
      125  0.4200000E+01  0.50000E-01    3      536    -4    -5     T
      126  0.4300000E+01  0.10000E+00    5      541    -4    -5     T
      127  0.4400000E+01  0.10000E+00    9      550    -4    -5     T
      128  0.4450000E+01  0.50000E-01    3      553    -4    -5     T
      129  0.4500000E+01  0.50000E-01    2      555    -4    -5     T
      130  0.4550000E+01  0.50000E-01    3      558    -4    -5     T
      131  0.4600000E+01  0.50000E-01    2      560    -4    -5     T
      132  0.4700000E+01  0.10000E+00    5      565    -4    -5     T
      133  0.4800000E+01  0.10000E+00    4      569    -4    -5     T
      134  0.4900000E+01  0.10000E+00    3      572    -4    -5     T
      135  0.5000000E+01  0.10000E+00    3      575    -4    -5     T
      136  0.5100000E+01  0.10000E+00    3      578    -4    -5     T
      137  0.5200000E+01  0.10000E+00    3      581    -4    -5     T
      138  0.5300000E+01  0.10000E+00    3      584    -4    -5     T
      139  0.5400000E+01  0.10000E+00    2      586    -4    -5     T
      140  0.5500000E+01  0.10000E+00    2      588    -4    -5     T
      141  0.5600000E+01  0.10000E+00    2      590    -4    -5     T
      142  0.5700000E+01  0.10000E+00    2      592    -4    -5     T
      143  0.5800000E+01  0.10000E+00    2      594    -4    -5     T
      144  0.5900000E+01  0.10000E+00    2      596    -4    -5     T
      145  0.6000000E+01  0.10000E+00    2      598    -4    -5     T
      146  0.6100000E+01  0.10000E+00    2      600    -4    -5     T
      147  0.6200000E+01  0.10000E+00    2      602    -4    -5     T
      148  0.6300000E+01  0.10000E+00    2      604    -4    -5     T
      149  0.6400000E+01  0.10000E+00    2      606    -4    -5     T
      150  0.6401000E+01  0.10000E-02    2      608    -4    -5     T
      151  0.6402300E+01  0.13000E-02    2      610    -4    -5     T
      152  0.6403990E+01  0.16900E-02    2      612    -4    -5     T
      153  0.6406187E+01  0.21970E-02    2      614    -4    -5     T
      154  0.6409043E+01  0.28561E-02    2      616    -4    -5     T
      155  0.6412756E+01  0.37129E-02    2      618    -4    -5     T
      156  0.6417583E+01  0.48268E-02    2      620    -4    -5     T
      157  0.6423858E+01  0.62749E-02    2      622    -4    -5     T
      158  0.6432318E+01  0.84603E-02    2      624    -4    -5     T
      159  0.6443598E+01  0.11280E-01    2      626    -4    -5     T
      160  0.6457699E+01  0.14100E-01    2      628    -4    -5     T
      161  0.6478849E+01  0.21151E-01    2      630    -4    -5     T
      162  0.6500000E+01  0.21151E-01    2      632    -4    -5     T
      163  0.6501000E+01  0.10000E-02    2      634    -4    -5     T
      164  0.6502300E+01  0.13000E-02    2      636    -4    -5     T
      165  0.6503990E+01  0.16900E-02    2      638    -4    -5     T
      166  0.6506187E+01  0.21970E-02    2      640    -4    -5     T
      167  0.6509043E+01  0.28561E-02    2      642    -4    -5     T
      168  0.6512756E+01  0.37129E-02    2      644    -4    -5     T
      169  0.6517583E+01  0.48268E-02    2      646    -4    -5     T
      170  0.6523858E+01  0.62749E-02    2      648    -4    -5     T
      171  0.6532318E+01  0.84603E-02    2      650    -4    -5     T
      172  0.6543598E+01  0.11280E-01    2      652    -4    -5     T
      173  0.6557699E+01  0.14100E-01    2      654    -4    -5     T
      174  0.6578849E+01  0.21151E-01    2      656    -4    -5     T
      175  0.6600000E+01  0.21151E-01    2      658    -4    -5     T
      176  0.6601000E+01  0.10000E-02    2      660    -4    -5     T
      177  0.6602300E+01  0.13000E-02    2      662    -4    -5     T
      178  0.6603990E+01  0.16900E-02    2      664    -4    -5     T
      179  0.6606187E+01  0.21970E-02    2      666    -4    -5     T
      180  0.6609043E+01  0.28561E-02    2      668    -4    -5     T
      181  0.6612756E+01  0.37129E-02    2      670    -4    -5     T
      182  0.6617583E+01  0.48268E-02    2      672    -4    -5     T
      183  0.6623858E+01  0.62749E-02    2      674    -4    -5     T
      184  0.6632318E+01  0.84603E-02    2      676    -4    -5     T
      185  0.6643598E+01  0.11280E-01    2      678    -4    -5     T
      186  0.6657699E+01  0.14100E-01    2      680    -4    -5     T
      187  0.6678849E+01  0.21151E-01    2      682    -4    -5     T
      188  0.6700000E+01  0.21151E-01    2      684    -4    -5     T
      189  0.6701000E+01  0.10000E-02    2      686    -4    -5     T
      190  0.6702300E+01  0.13000E-02    2      688    -4    -5     T
      191  0.6703990E+01  0.16900E-02    2      690    -4    -5     T
      192  0.6706187E+01  0.21970E-02    2      692    -4    -5     T
      193  0.6709043E+01  0.28561E-02    2      694    -4    -5     T
      194  0.6712756E+01  0.37129E-02    2      696    -4    -5     T
      195  0.6717583E+01  0.48268E-02    2      698    -4    -5     T
      196  0.6723858E+01  0.62749E-02    2      700    -4    -5     T
      197  0.6732318E+01  0.84603E-02    2      702    -4    -5     T
      198  0.6743598E+01  0.11280E-01    2      704    -4    -5     T
      199  0.6757699E+01  0.14100E-01    2      706    -4    -5     T
      200  0.6778849E+01  0.21151E-01    2      708    -4    -5     T
      201  0.6800000E+01  0.21151E-01    2      710    -4    -5     T
      202  0.6801000E+01  0.10000E-02    2      712    -4    -5     T
      203  0.6802300E+01  0.13000E-02    2      714    -4    -5     T
      204  0.6803990E+01  0.16900E-02    2      716    -4    -5     T
      205  0.6806187E+01  0.21970E-02    2      718    -4    -5     T
      206  0.6809043E+01  0.28561E-02    2      720    -4    -5     T
      207  0.6812756E+01  0.37129E-02    2      722    -4    -5     T
      208  0.6817583E+01  0.48268E-02    2      724    -4    -5     T
      209  0.6823858E+01  0.62749E-02    2      726    -4    -5     T
      210  0.6832318E+01  0.84603E-02    2      728    -4    -5     T
      211  0.6843598E+01  0.11280E-01    2      730    -4    -5     T
      212  0.6857699E+01  0.14100E-01    2      732    -4    -5     T
      213  0.6878849E+01  0.21151E-01    2      734    -4    -5     T
      214  0.6900000E+01  0.21151E-01    2      736    -4    -5     T
      215  0.6901000E+01  0.10000E-02    2      738    -4    -5     T
      216  0.6902300E+01  0.13000E-02    2      740    -4    -5     T
      217  0.6903990E+01  0.16900E-02    2      742    -4    -5     T
      218  0.6906187E+01  0.21970E-02    2      744    -4    -5     T
      219  0.6909043E+01  0.28561E-02    2      746    -4    -5     T
      220  0.6912756E+01  0.37129E-02    2      748    -4    -5     T
      221  0.6917583E+01  0.48268E-02    2      750    -4    -5     T
      222  0.6923858E+01  0.62749E-02    2      752    -4    -5     T
      223  0.6932318E+01  0.84603E-02    2      754    -4    -5     T
      224  0.6943598E+01  0.11280E-01    2      756    -4    -5     T
      225  0.6957699E+01  0.14100E-01    2      758    -4    -5     T
      226  0.6978849E+01  0.21151E-01    2      760    -4    -5     T
      227  0.7000000E+01  0.21151E-01    2      762    -4    -5     T
      228  0.7001000E+01  0.10000E-02    2      764    -4    -5     T
      229  0.7002300E+01  0.13000E-02    2      766    -4    -5     T
      230  0.7003990E+01  0.16900E-02    2      768    -4    -5     T
      231  0.7006187E+01  0.21970E-02    2      770    -4    -5     T
      232  0.7009043E+01  0.28561E-02    2      772    -4    -5     T
      233  0.7012756E+01  0.37129E-02    2      774    -4    -5     T
      234  0.7017583E+01  0.48268E-02    2      776    -4    -5     T
      235  0.7023858E+01  0.62749E-02    2      778    -4    -5     T
      236  0.7032318E+01  0.84603E-02    2      780    -4    -5     T
      237  0.7043598E+01  0.11280E-01    2      782    -4    -5     T
      238  0.7057699E+01  0.14100E-01    2      784    -4    -5     T
      239  0.7078849E+01  0.21151E-01    2      786    -4    -5     T
      240  0.7100000E+01  0.21151E-01    2      788    -4    -5     T
      241  0.7101000E+01  0.10000E-02    2      790    -4    -5     T
      242  0.7102300E+01  0.13000E-02    2      792    -4    -5     T
      243  0.7103990E+01  0.16900E-02    2      794    -4    -5     T
      244  0.7106187E+01  0.21970E-02    2      796    -4    -5     T
      245  0.7109043E+01  0.28561E-02    2      798    -4    -5     T
      246  0.7112756E+01  0.37129E-02    2      800    -4    -5     T
      247  0.7117583E+01  0.48268E-02    2      802    -4    -5     T
      248  0.7123858E+01  0.62749E-02    2      804    -4    -5     T
      249  0.7132318E+01  0.84603E-02    2      806    -4    -5     T
      250  0.7143598E+01  0.11280E-01    2      808    -4    -5     T
      251  0.7157699E+01  0.14100E-01    2      810    -4    -5     T
      252  0.7178849E+01  0.21151E-01    2      812    -4    -5     T
      253  0.7200000E+01  0.21151E-01    2      814    -4    -5     T
      254  0.7201000E+01  0.10000E-02    2      816    -4    -5     T
      255  0.7202300E+01  0.13000E-02    2      818    -4    -5     T
      256  0.7203990E+01  0.16900E-02    2      820    -4    -5     T
      257  0.7206187E+01  0.21970E-02    2      822    -4    -5     T
      258  0.7209043E+01  0.28561E-02    2      824    -4    -5     T
      259  0.7212756E+01  0.37129E-02    2      826    -4    -5     T
      260  0.7217583E+01  0.48268E-02    2      828    -4    -5     T
      261  0.7223858E+01  0.62749E-02    2      830    -4    -5     T
      262  0.7232318E+01  0.84603E-02    2      832    -4    -5     T
      263  0.7243598E+01  0.11280E-01    2      834    -4    -5     T
      264  0.7257699E+01  0.14100E-01    2      836    -4    -5     T
      265  0.7278849E+01  0.21151E-01    2      838    -4    -5     T
      266  0.7300000E+01  0.21151E-01    2      840    -4    -5     T
      267  0.7301000E+01  0.10000E-02    2      842    -4    -5     T
      268  0.7302300E+01  0.13000E-02    2      844    -4    -5     T
      269  0.7303990E+01  0.16900E-02    2      846    -4    -5     T
      270  0.7306187E+01  0.21970E-02    2      848    -4    -5     T
      271  0.7309043E+01  0.28561E-02    2      850    -4    -5     T
      272  0.7312756E+01  0.37129E-02    2      852    -4    -5     T
      273  0.7317583E+01  0.48268E-02    2      854    -4    -5     T
      274  0.7323858E+01  0.62749E-02    2      856    -4    -5     T
      275  0.7332318E+01  0.84603E-02    2      858    -4    -5     T
      276  0.7343598E+01  0.11280E-01    2      860    -4    -5     T
      277  0.7357699E+01  0.14100E-01    2      862    -4    -5     T
      278  0.7378849E+01  0.21151E-01    2      864    -4    -5     T
      279  0.7400000E+01  0.21151E-01    2      866    -4    -5     T
      280  0.7425000E+01  0.25000E-01    2      868    -4    -5     T
      281  0.7462500E+01  0.37500E-01    2      870    -4    -5     T
      282  0.7500000E+01  0.37500E-01    2      872    -4    -5     T
      283  0.7501000E+01  0.10000E-02    2      874    -4    -5     T
      284  0.7502300E+01  0.13000E-02    2      876    -4    -5     T
      285  0.7503990E+01  0.16900E-02    2      878    -4    -5     T
      286  0.7506187E+01  0.21970E-02    2      880    -4    -5     T
      287  0.7509043E+01  0.28561E-02    2      882    -4    -5     T
      288  0.7512756E+01  0.37129E-02    2      884    -4    -5     T
      289  0.7517583E+01  0.48268E-02    2      886    -4    -5     T
      290  0.7523858E+01  0.62749E-02    2      888    -4    -5     T
      291  0.7532318E+01  0.84603E-02    2      890    -4    -5     T
      292  0.7543598E+01  0.11280E-01    2      892    -4    -5     T
      293  0.7557699E+01  0.14100E-01    2      894    -4    -5     T
      294  0.7578849E+01  0.21151E-01    2      896    -4    -5     T
      295  0.7600000E+01  0.21151E-01    2      898    -4    -5     T
      296  0.7601000E+01  0.10000E-02    2      900    -4    -5     T
      297  0.7602300E+01  0.13000E-02    2      902    -4    -5     T
      298  0.7603990E+01  0.16900E-02    2      904    -4    -5     T
      299  0.7606187E+01  0.21970E-02    2      906    -4    -5     T
      300  0.7609043E+01  0.28561E-02    2      908    -4    -5     T
      301  0.7612756E+01  0.37129E-02    2      910    -4    -5     T
      302  0.7617583E+01  0.48268E-02    2      912    -4    -5     T
      303  0.7623858E+01  0.62749E-02    2      914    -4    -5     T
      304  0.7632318E+01  0.84603E-02    2      916    -4    -5     T
      305  0.7643598E+01  0.11280E-01    2      918    -4    -5     T
      306  0.7657699E+01  0.14100E-01    2      920    -4    -5     T
      307  0.7678849E+01  0.21151E-01    2      922    -4    -5     T
      308  0.7700000E+01  0.21151E-01    2      924    -4    -5     T
      309  0.7701000E+01  0.10000E-02    2      926    -4    -5     T
      310  0.7702300E+01  0.13000E-02    2      928    -4    -5     T
      311  0.7703990E+01  0.16900E-02    2      930    -4    -5     T
      312  0.7706187E+01  0.21970E-02    2      932    -4    -5     T
      313  0.7709043E+01  0.28561E-02    2      934    -4    -5     T
      314  0.7712756E+01  0.37129E-02    2      936    -4    -5     T
      315  0.7717583E+01  0.48268E-02    2      938    -4    -5     T
      316  0.7723858E+01  0.62749E-02    2      940    -4    -5     T
      317  0.7732318E+01  0.84603E-02    2      942    -4    -5     T
      318  0.7743598E+01  0.11280E-01    2      944    -4    -5     T
      319  0.7757699E+01  0.14100E-01    2      946    -4    -5     T
      320  0.7778849E+01  0.21151E-01    2      948    -4    -5     T
      321  0.7800000E+01  0.21151E-01    2      950    -4    -5     T
      322  0.7801000E+01  0.10000E-02    2      952    -4    -5     T
      323  0.7802300E+01  0.13000E-02    2      954    -4    -5     T
      324  0.7803990E+01  0.16900E-02    2      956    -4    -5     T
      325  0.7806187E+01  0.21970E-02    2      958    -4    -5     T
      326  0.7809043E+01  0.28561E-02    2      960    -4    -5     T
      327  0.7812756E+01  0.37129E-02    2      962    -4    -5     T
      328  0.7817583E+01  0.48268E-02    2      964    -4    -5     T
      329  0.7823858E+01  0.62749E-02    2      966    -4    -5     T
      330  0.7832318E+01  0.84603E-02    2      968    -4    -5     T
      331  0.7843598E+01  0.11280E-01    2      970    -4    -5     T
      332  0.7857699E+01  0.14100E-01    2      972    -4    -5     T
      333  0.7878849E+01  0.21151E-01    2      974    -4    -5     T
      334  0.7900000E+01  0.21151E-01    2      976    -4    -5     T
      335  0.7901000E+01  0.10000E-02    2      978    -4    -5     T
      336  0.7902300E+01  0.13000E-02    2      980    -4    -5     T
      337  0.7903990E+01  0.16900E-02    2      982    -4    -5     T
      338  0.7906187E+01  0.21970E-02    2      984    -4    -5     T
      339  0.7909043E+01  0.28561E-02    2      986    -4    -5     T
      340  0.7912756E+01  0.37129E-02    2      988    -4    -5     T
      341  0.7917583E+01  0.48268E-02    2      990    -4    -5     T
      342  0.7923858E+01  0.62749E-02    2      992    -4    -5     T
      343  0.7932318E+01  0.84603E-02    2      994    -4    -5     T
      344  0.7943598E+01  0.11280E-01    2      996    -4    -5     T
      345  0.7957699E+01  0.14100E-01    2      998    -4    -5     T
      346  0.7978849E+01  0.21151E-01    2     1000    -4    -5     T
      347  0.8000000E+01  0.21151E-01    2     1002    -4    -5     T
      348  0.8001000E+01  0.10000E-02    2     1004    -4    -5     T
      349  0.8002300E+01  0.13000E-02    2     1006    -4    -5     T
      350  0.8003990E+01  0.16900E-02    2     1008    -4    -5     T
      351  0.8006187E+01  0.21970E-02    2     1010    -4    -5     T
      352  0.8009043E+01  0.28561E-02    2     1012    -4    -5     T
      353  0.8012756E+01  0.37129E-02    2     1014    -4    -5     T
      354  0.8017583E+01  0.48268E-02    2     1016    -4    -5     T
      355  0.8023858E+01  0.62749E-02    2     1018    -4    -5     T
      356  0.8032318E+01  0.84603E-02    2     1020    -4    -5     T
      357  0.8043598E+01  0.11280E-01    2     1022    -4    -5     T
      358  0.8057699E+01  0.14100E-01    2     1024    -4    -5     T
      359  0.8078849E+01  0.21151E-01    2     1026    -4    -5     T
      360  0.8100000E+01  0.21151E-01    2     1028    -4    -5     T
      361  0.8101000E+01  0.10000E-02    2     1030    -4    -5     T
      362  0.8102300E+01  0.13000E-02    2     1032    -4    -5     T
      363  0.8103990E+01  0.16900E-02    2     1034    -4    -5     T
      364  0.8106187E+01  0.21970E-02    2     1036    -4    -5     T
      365  0.8109043E+01  0.28561E-02    2     1038    -4    -5     T
      366  0.8112756E+01  0.37129E-02    2     1040    -4    -5     T
      367  0.8117583E+01  0.48268E-02    2     1042    -4    -5     T
      368  0.8123858E+01  0.62749E-02    2     1044    -4    -5     T
      369  0.8132318E+01  0.84603E-02    2     1046    -4    -5     T
      370  0.8143598E+01  0.11280E-01    2     1048    -4    -5     T
      371  0.8157699E+01  0.14100E-01    2     1050    -4    -5     T
      372  0.8178849E+01  0.21151E-01    2     1052    -4    -5     T
      373  0.8200000E+01  0.21151E-01    2     1054    -4    -5     T
      374  0.8201000E+01  0.10000E-02    2     1056    -4    -5     T
      375  0.8202300E+01  0.13000E-02    2     1058    -4    -5     T
      376  0.8203990E+01  0.16900E-02    2     1060    -4    -5     T
      377  0.8206187E+01  0.21970E-02    2     1062    -4    -5     T
      378  0.8209043E+01  0.28561E-02    2     1064    -4    -5     T
      379  0.8212756E+01  0.37129E-02    2     1066    -4    -5     T
      380  0.8217583E+01  0.48268E-02    2     1068    -4    -5     T
      381  0.8223858E+01  0.62749E-02    2     1070    -4    -5     T
      382  0.8232318E+01  0.84603E-02    2     1072    -4    -5     T
      383  0.8243598E+01  0.11280E-01    2     1074    -4    -5     T
      384  0.8257699E+01  0.14100E-01    2     1076    -4    -5     T
      385  0.8278849E+01  0.21151E-01    2     1078    -4    -5     T
      386  0.8300000E+01  0.21151E-01    2     1080    -4    -5     T
      387  0.8301000E+01  0.10000E-02    2     1082    -4    -5     T
      388  0.8302300E+01  0.13000E-02    2     1084    -4    -5     T
      389  0.8303990E+01  0.16900E-02    2     1086    -4    -5     T
      390  0.8306187E+01  0.21970E-02    2     1088    -4    -5     T
      391  0.8309043E+01  0.28561E-02    2     1090    -4    -5     T
      392  0.8312756E+01  0.37129E-02    2     1092    -4    -5     T
      393  0.8317583E+01  0.48268E-02    2     1094    -4    -5     T
      394  0.8323858E+01  0.62749E-02    2     1096    -4    -5     T
      395  0.8332318E+01  0.84603E-02    2     1098    -4    -5     T
      396  0.8343598E+01  0.11280E-01    2     1100    -4    -5     T
      397  0.8357699E+01  0.14100E-01    2     1102    -4    -5     T
      398  0.8378849E+01  0.21151E-01    2     1104    -4    -5     T
      399  0.8400000E+01  0.21151E-01    2     1106    -4    -5     T
      400  0.8425000E+01  0.25000E-01    2     1108    -4    -5     T
      401  0.8462500E+01  0.37500E-01    2     1110    -4    -5     T
      402  0.8500000E+01  0.37500E-01    2     1112    -4    -5     T
      403  0.8533333E+01  0.33333E-01    2     1114    -4    -5     T
      404  0.8600000E+01  0.66667E-01    2     1116    -4    -5     T
      405  0.8650000E+01  0.50000E-01    2     1118    -4    -5     T
      406  0.8700000E+01  0.50000E-01    2     1120    -4    -5     T
      407  0.8800000E+01  0.10000E+00    2     1122    -4    -5     T
      408  0.8900000E+01  0.10000E+00    2     1124    -4    -5     T
      409  0.9000000E+01  0.10000E+00    2     1126    -4    -5     T
      410  0.9100000E+01  0.10000E+00    2     1128    -4    -5     T
      411  0.9200000E+01  0.10000E+00    2     1130    -4    -5     T
      412  0.9300000E+01  0.10000E+00    2     1132    -4    -5     T
      413  0.9400000E+01  0.10000E+00    2     1134    -4    -5     T
      414  0.9500000E+01  0.10000E+00    2     1136    -4    -5     T
      415  0.9600000E+01  0.10000E+00    2     1138    -4    -5     T
      416  0.9700000E+01  0.10000E+00    2     1140    -4    -5     T
      417  0.9800000E+01  0.10000E+00    2     1142    -4    -5     T
      418  0.9900000E+01  0.10000E+00    2     1144    -4    -5     T
      419  0.1000000E+02  0.10000E+00    2     1146    -4    -5     T
end
